Python 3.7.8
[DEBUG] Running PySmell on /Users/jose/Research/qsmells/qsmells-study-data/experiments/scripts/../../tools/qiskit-machine-learning/qiskit_machine_learning/algorithms/distribution_learners/qgan/qgan.py
(2, '/Users/jose/Research/qsmells/qsmells-study-data/experiments/scripts/../../tools/qiskit-machine-learning/qiskit_machine_learning/algorithms/distribution_learners/qgan/qgan.py', 66, 53)
(2, '/Users/jose/Research/qsmells/qsmells-study-data/experiments/scripts/../../tools/qiskit-machine-learning/qiskit_machine_learning/algorithms/distribution_learners/qgan/qgan.py', 174, 2)
(2, '/Users/jose/Research/qsmells/qsmells-study-data/experiments/scripts/../../tools/qiskit-machine-learning/qiskit_machine_learning/algorithms/distribution_learners/qgan/qgan.py', 179, 9)
(2, '/Users/jose/Research/qsmells/qsmells-study-data/experiments/scripts/../../tools/qiskit-machine-learning/qiskit_machine_learning/algorithms/distribution_learners/qgan/qgan.py', 206, 3)
(2, '/Users/jose/Research/qsmells/qsmells-study-data/experiments/scripts/../../tools/qiskit-machine-learning/qiskit_machine_learning/algorithms/distribution_learners/qgan/qgan.py', 211, 5)
(2, '/Users/jose/Research/qsmells/qsmells-study-data/experiments/scripts/../../tools/qiskit-machine-learning/qiskit_machine_learning/algorithms/distribution_learners/qgan/qgan.py', 218, 3)
(2, '/Users/jose/Research/qsmells/qsmells-study-data/experiments/scripts/../../tools/qiskit-machine-learning/qiskit_machine_learning/algorithms/distribution_learners/qgan/qgan.py', 223, 3)
(2, '/Users/jose/Research/qsmells/qsmells-study-data/experiments/scripts/../../tools/qiskit-machine-learning/qiskit_machine_learning/algorithms/distribution_learners/qgan/qgan.py', 228, 2)
(2, '/Users/jose/Research/qsmells/qsmells-study-data/experiments/scripts/../../tools/qiskit-machine-learning/qiskit_machine_learning/algorithms/distribution_learners/qgan/qgan.py', 233, 2)
(2, '/Users/jose/Research/qsmells/qsmells-study-data/experiments/scripts/../../tools/qiskit-machine-learning/qiskit_machine_learning/algorithms/distribution_learners/qgan/qgan.py', 238, 4)
(2, '/Users/jose/Research/qsmells/qsmells-study-data/experiments/scripts/../../tools/qiskit-machine-learning/qiskit_machine_learning/algorithms/distribution_learners/qgan/qgan.py', 251, 2)
(2, '/Users/jose/Research/qsmells/qsmells-study-data/experiments/scripts/../../tools/qiskit-machine-learning/qiskit_machine_learning/algorithms/distribution_learners/qgan/qgan.py', 256, 2)
(2, '/Users/jose/Research/qsmells/qsmells-study-data/experiments/scripts/../../tools/qiskit-machine-learning/qiskit_machine_learning/algorithms/distribution_learners/qgan/qgan.py', 268, 2)
(2, '/Users/jose/Research/qsmells/qsmells-study-data/experiments/scripts/../../tools/qiskit-machine-learning/qiskit_machine_learning/algorithms/distribution_learners/qgan/qgan.py', 274, 12)
(2, '/Users/jose/Research/qsmells/qsmells-study-data/experiments/scripts/../../tools/qiskit-machine-learning/qiskit_machine_learning/algorithms/distribution_learners/qgan/qgan.py', 310, 2)
(2, '/Users/jose/Research/qsmells/qsmells-study-data/experiments/scripts/../../tools/qiskit-machine-learning/qiskit_machine_learning/algorithms/distribution_learners/qgan/qgan.py', 315, 4)
(2, '/Users/jose/Research/qsmells/qsmells-study-data/experiments/scripts/../../tools/qiskit-machine-learning/qiskit_machine_learning/algorithms/distribution_learners/qgan/qgan.py', 329, 3)
(2, '/Users/jose/Research/qsmells/qsmells-study-data/experiments/scripts/../../tools/qiskit-machine-learning/qiskit_machine_learning/algorithms/distribution_learners/qgan/qgan.py', 334, 3)
(2, '/Users/jose/Research/qsmells/qsmells-study-data/experiments/scripts/../../tools/qiskit-machine-learning/qiskit_machine_learning/algorithms/distribution_learners/qgan/qgan.py', 339, 3)
(2, '/Users/jose/Research/qsmells/qsmells-study-data/experiments/scripts/../../tools/qiskit-machine-learning/qiskit_machine_learning/algorithms/distribution_learners/qgan/qgan.py', 344, 10)
(2, '/Users/jose/Research/qsmells/qsmells-study-data/experiments/scripts/../../tools/qiskit-machine-learning/qiskit_machine_learning/algorithms/distribution_learners/qgan/qgan.py', 356, 16)
(2, '/Users/jose/Research/qsmells/qsmells-study-data/experiments/scripts/../../tools/qiskit-machine-learning/qiskit_machine_learning/algorithms/distribution_learners/qgan/qgan.py', 379, 50)
(2, '/Users/jose/Research/qsmells/qsmells-study-data/experiments/scripts/../../tools/qiskit-machine-learning/qiskit_machine_learning/algorithms/distribution_learners/qgan/qgan.py', 456, 5)
  metric  value
0   MLOC     53
DONE!
