Python 3.7.8
[DEBUG] Running PySmell on /Users/jose/Research/qsmells/qsmells-study-data/experiments/scripts/../../tools/qiskit-terra/qiskit/algorithms/factorizers/shor.py
(2, '/Users/jose/Research/qsmells/qsmells-study-data/experiments/scripts/../../tools/qiskit-terra/qiskit/algorithms/factorizers/shor.py', 53, 4)
(2, '/Users/jose/Research/qsmells/qsmells-study-data/experiments/scripts/../../tools/qiskit-terra/qiskit/algorithms/factorizers/shor.py', 63, 3)
(2, '/Users/jose/Research/qsmells/qsmells-study-data/experiments/scripts/../../tools/qiskit-terra/qiskit/algorithms/factorizers/shor.py', 68, 5)
(2, '/Users/jose/Research/qsmells/qsmells-study-data/experiments/scripts/../../tools/qiskit-terra/qiskit/algorithms/factorizers/shor.py', 75, 10)
(2, '/Users/jose/Research/qsmells/qsmells-study-data/experiments/scripts/../../tools/qiskit-terra/qiskit/algorithms/factorizers/shor.py', 89, 6)
(2, '/Users/jose/Research/qsmells/qsmells-study-data/experiments/scripts/../../tools/qiskit-terra/qiskit/algorithms/factorizers/shor.py', 97, 21)
(2, '/Users/jose/Research/qsmells/qsmells-study-data/experiments/scripts/../../tools/qiskit-terra/qiskit/algorithms/factorizers/shor.py', 137, 23)
(2, '/Users/jose/Research/qsmells/qsmells-study-data/experiments/scripts/../../tools/qiskit-terra/qiskit/algorithms/factorizers/shor.py', 153, 4)
(2, '/Users/jose/Research/qsmells/qsmells-study-data/experiments/scripts/../../tools/qiskit-terra/qiskit/algorithms/factorizers/shor.py', 183, 16)
(2, '/Users/jose/Research/qsmells/qsmells-study-data/experiments/scripts/../../tools/qiskit-terra/qiskit/algorithms/factorizers/shor.py', 210, 7)
(2, '/Users/jose/Research/qsmells/qsmells-study-data/experiments/scripts/../../tools/qiskit-terra/qiskit/algorithms/factorizers/shor.py', 231, 19)
(2, '/Users/jose/Research/qsmells/qsmells-study-data/experiments/scripts/../../tools/qiskit-terra/qiskit/algorithms/factorizers/shor.py', 281, 9)
(2, '/Users/jose/Research/qsmells/qsmells-study-data/experiments/scripts/../../tools/qiskit-terra/qiskit/algorithms/factorizers/shor.py', 285, 5)
(2, '/Users/jose/Research/qsmells/qsmells-study-data/experiments/scripts/../../tools/qiskit-terra/qiskit/algorithms/factorizers/shor.py', 300, 43)
(2, '/Users/jose/Research/qsmells/qsmells-study-data/experiments/scripts/../../tools/qiskit-terra/qiskit/algorithms/factorizers/shor.py', 381, 10)
(2, '/Users/jose/Research/qsmells/qsmells-study-data/experiments/scripts/../../tools/qiskit-terra/qiskit/algorithms/factorizers/shor.py', 399, 37)
(2, '/Users/jose/Research/qsmells/qsmells-study-data/experiments/scripts/../../tools/qiskit-terra/qiskit/algorithms/factorizers/shor.py', 485, 4)
(2, '/Users/jose/Research/qsmells/qsmells-study-data/experiments/scripts/../../tools/qiskit-terra/qiskit/algorithms/factorizers/shor.py', 491, 3)
(2, '/Users/jose/Research/qsmells/qsmells-study-data/experiments/scripts/../../tools/qiskit-terra/qiskit/algorithms/factorizers/shor.py', 496, 3)
(2, '/Users/jose/Research/qsmells/qsmells-study-data/experiments/scripts/../../tools/qiskit-terra/qiskit/algorithms/factorizers/shor.py', 501, 3)
(2, '/Users/jose/Research/qsmells/qsmells-study-data/experiments/scripts/../../tools/qiskit-terra/qiskit/algorithms/factorizers/shor.py', 506, 3)
(2, '/Users/jose/Research/qsmells/qsmells-study-data/experiments/scripts/../../tools/qiskit-terra/qiskit/algorithms/factorizers/shor.py', 511, 3)
(2, '/Users/jose/Research/qsmells/qsmells-study-data/experiments/scripts/../../tools/qiskit-terra/qiskit/algorithms/factorizers/shor.py', 516, 3)
  metric  value
0   MLOC     43
DONE!
