Python 3.7.8
[DEBUG] Running PySmell on /Users/jose/Research/qsmells/qsmells-study-data/experiments/scripts/../../tools/qiskit-terra/qiskit/algorithms/eigen_solvers/vqd.py
(6, '/Users/jose/Research/qsmells/qsmells-study-data/experiments/scripts/../../tools/qiskit-terra/qiskit/algorithms/eigen_solvers/vqd.py', 94, 1)
(6, '/Users/jose/Research/qsmells/qsmells-study-data/experiments/scripts/../../tools/qiskit-terra/qiskit/algorithms/eigen_solvers/vqd.py', 96, 1)
(6, '/Users/jose/Research/qsmells/qsmells-study-data/experiments/scripts/../../tools/qiskit-terra/qiskit/algorithms/eigen_solvers/vqd.py', 96, 1)
(6, '/Users/jose/Research/qsmells/qsmells-study-data/experiments/scripts/../../tools/qiskit-terra/qiskit/algorithms/eigen_solvers/vqd.py', 97, 1)
(6, '/Users/jose/Research/qsmells/qsmells-study-data/experiments/scripts/../../tools/qiskit-terra/qiskit/algorithms/eigen_solvers/vqd.py', 97, 1)
(6, '/Users/jose/Research/qsmells/qsmells-study-data/experiments/scripts/../../tools/qiskit-terra/qiskit/algorithms/eigen_solvers/vqd.py', 98, 1)
(6, '/Users/jose/Research/qsmells/qsmells-study-data/experiments/scripts/../../tools/qiskit-terra/qiskit/algorithms/eigen_solvers/vqd.py', 99, 1)
(6, '/Users/jose/Research/qsmells/qsmells-study-data/experiments/scripts/../../tools/qiskit-terra/qiskit/algorithms/eigen_solvers/vqd.py', 99, 1)
(6, '/Users/jose/Research/qsmells/qsmells-study-data/experiments/scripts/../../tools/qiskit-terra/qiskit/algorithms/eigen_solvers/vqd.py', 100, 1)
(6, '/Users/jose/Research/qsmells/qsmells-study-data/experiments/scripts/../../tools/qiskit-terra/qiskit/algorithms/eigen_solvers/vqd.py', 103, 1)
(6, '/Users/jose/Research/qsmells/qsmells-study-data/experiments/scripts/../../tools/qiskit-terra/qiskit/algorithms/eigen_solvers/vqd.py', 103, 1)
(6, '/Users/jose/Research/qsmells/qsmells-study-data/experiments/scripts/../../tools/qiskit-terra/qiskit/algorithms/eigen_solvers/vqd.py', 104, 1)
(6, '/Users/jose/Research/qsmells/qsmells-study-data/experiments/scripts/../../tools/qiskit-terra/qiskit/algorithms/eigen_solvers/vqd.py', 104, 1)
(6, '/Users/jose/Research/qsmells/qsmells-study-data/experiments/scripts/../../tools/qiskit-terra/qiskit/algorithms/eigen_solvers/vqd.py', 192, 1)
(6, '/Users/jose/Research/qsmells/qsmells-study-data/experiments/scripts/../../tools/qiskit-terra/qiskit/algorithms/eigen_solvers/vqd.py', 206, 1)
(6, '/Users/jose/Research/qsmells/qsmells-study-data/experiments/scripts/../../tools/qiskit-terra/qiskit/algorithms/eigen_solvers/vqd.py', 206, 1)
(6, '/Users/jose/Research/qsmells/qsmells-study-data/experiments/scripts/../../tools/qiskit-terra/qiskit/algorithms/eigen_solvers/vqd.py', 211, 1)
(6, '/Users/jose/Research/qsmells/qsmells-study-data/experiments/scripts/../../tools/qiskit-terra/qiskit/algorithms/eigen_solvers/vqd.py', 211, 1)
(6, '/Users/jose/Research/qsmells/qsmells-study-data/experiments/scripts/../../tools/qiskit-terra/qiskit/algorithms/eigen_solvers/vqd.py', 216, 1)
(6, '/Users/jose/Research/qsmells/qsmells-study-data/experiments/scripts/../../tools/qiskit-terra/qiskit/algorithms/eigen_solvers/vqd.py', 221, 1)
(6, '/Users/jose/Research/qsmells/qsmells-study-data/experiments/scripts/../../tools/qiskit-terra/qiskit/algorithms/eigen_solvers/vqd.py', 232, 1)
(6, '/Users/jose/Research/qsmells/qsmells-study-data/experiments/scripts/../../tools/qiskit-terra/qiskit/algorithms/eigen_solvers/vqd.py', 267, 1)
(6, '/Users/jose/Research/qsmells/qsmells-study-data/experiments/scripts/../../tools/qiskit-terra/qiskit/algorithms/eigen_solvers/vqd.py', 267, 1)
(6, '/Users/jose/Research/qsmells/qsmells-study-data/experiments/scripts/../../tools/qiskit-terra/qiskit/algorithms/eigen_solvers/vqd.py', 272, 1)
(6, '/Users/jose/Research/qsmells/qsmells-study-data/experiments/scripts/../../tools/qiskit-terra/qiskit/algorithms/eigen_solvers/vqd.py', 272, 1)
(6, '/Users/jose/Research/qsmells/qsmells-study-data/experiments/scripts/../../tools/qiskit-terra/qiskit/algorithms/eigen_solvers/vqd.py', 277, 1)
(6, '/Users/jose/Research/qsmells/qsmells-study-data/experiments/scripts/../../tools/qiskit-terra/qiskit/algorithms/eigen_solvers/vqd.py', 283, 1)
(6, '/Users/jose/Research/qsmells/qsmells-study-data/experiments/scripts/../../tools/qiskit-terra/qiskit/algorithms/eigen_solvers/vqd.py', 306, 1)
(6, '/Users/jose/Research/qsmells/qsmells-study-data/experiments/scripts/../../tools/qiskit-terra/qiskit/algorithms/eigen_solvers/vqd.py', 327, 1)
(6, '/Users/jose/Research/qsmells/qsmells-study-data/experiments/scripts/../../tools/qiskit-terra/qiskit/algorithms/eigen_solvers/vqd.py', 329, 1)
(6, '/Users/jose/Research/qsmells/qsmells-study-data/experiments/scripts/../../tools/qiskit-terra/qiskit/algorithms/eigen_solvers/vqd.py', 331, 1)
(6, '/Users/jose/Research/qsmells/qsmells-study-data/experiments/scripts/../../tools/qiskit-terra/qiskit/algorithms/eigen_solvers/vqd.py', 358, 1)
(6, '/Users/jose/Research/qsmells/qsmells-study-data/experiments/scripts/../../tools/qiskit-terra/qiskit/algorithms/eigen_solvers/vqd.py', 358, 1)
(6, '/Users/jose/Research/qsmells/qsmells-study-data/experiments/scripts/../../tools/qiskit-terra/qiskit/algorithms/eigen_solvers/vqd.py', 358, 1)
(6, '/Users/jose/Research/qsmells/qsmells-study-data/experiments/scripts/../../tools/qiskit-terra/qiskit/algorithms/eigen_solvers/vqd.py', 361, 1)
(6, '/Users/jose/Research/qsmells/qsmells-study-data/experiments/scripts/../../tools/qiskit-terra/qiskit/algorithms/eigen_solvers/vqd.py', 361, 1)
(6, '/Users/jose/Research/qsmells/qsmells-study-data/experiments/scripts/../../tools/qiskit-terra/qiskit/algorithms/eigen_solvers/vqd.py', 410, 1)
(6, '/Users/jose/Research/qsmells/qsmells-study-data/experiments/scripts/../../tools/qiskit-terra/qiskit/algorithms/eigen_solvers/vqd.py', 410, 1)
(6, '/Users/jose/Research/qsmells/qsmells-study-data/experiments/scripts/../../tools/qiskit-terra/qiskit/algorithms/eigen_solvers/vqd.py', 410, 1)
(6, '/Users/jose/Research/qsmells/qsmells-study-data/experiments/scripts/../../tools/qiskit-terra/qiskit/algorithms/eigen_solvers/vqd.py', 412, 1)
(6, '/Users/jose/Research/qsmells/qsmells-study-data/experiments/scripts/../../tools/qiskit-terra/qiskit/algorithms/eigen_solvers/vqd.py', 445, 1)
(6, '/Users/jose/Research/qsmells/qsmells-study-data/experiments/scripts/../../tools/qiskit-terra/qiskit/algorithms/eigen_solvers/vqd.py', 487, 1)
(6, '/Users/jose/Research/qsmells/qsmells-study-data/experiments/scripts/../../tools/qiskit-terra/qiskit/algorithms/eigen_solvers/vqd.py', 488, 1)
(6, '/Users/jose/Research/qsmells/qsmells-study-data/experiments/scripts/../../tools/qiskit-terra/qiskit/algorithms/eigen_solvers/vqd.py', 448, 1)
(6, '/Users/jose/Research/qsmells/qsmells-study-data/experiments/scripts/../../tools/qiskit-terra/qiskit/algorithms/eigen_solvers/vqd.py', 448, 1)
(6, '/Users/jose/Research/qsmells/qsmells-study-data/experiments/scripts/../../tools/qiskit-terra/qiskit/algorithms/eigen_solvers/vqd.py', 493, 1)
(6, '/Users/jose/Research/qsmells/qsmells-study-data/experiments/scripts/../../tools/qiskit-terra/qiskit/algorithms/eigen_solvers/vqd.py', 493, 1)
(6, '/Users/jose/Research/qsmells/qsmells-study-data/experiments/scripts/../../tools/qiskit-terra/qiskit/algorithms/eigen_solvers/vqd.py', 525, 1)
(6, '/Users/jose/Research/qsmells/qsmells-study-data/experiments/scripts/../../tools/qiskit-terra/qiskit/algorithms/eigen_solvers/vqd.py', 539, 1)
(6, '/Users/jose/Research/qsmells/qsmells-study-data/experiments/scripts/../../tools/qiskit-terra/qiskit/algorithms/eigen_solvers/vqd.py', 593, 1)
(6, '/Users/jose/Research/qsmells/qsmells-study-data/experiments/scripts/../../tools/qiskit-terra/qiskit/algorithms/eigen_solvers/vqd.py', 599, 1)
(6, '/Users/jose/Research/qsmells/qsmells-study-data/experiments/scripts/../../tools/qiskit-terra/qiskit/algorithms/eigen_solvers/vqd.py', 602, 1)
(6, '/Users/jose/Research/qsmells/qsmells-study-data/experiments/scripts/../../tools/qiskit-terra/qiskit/algorithms/eigen_solvers/vqd.py', 645, 1)
(6, '/Users/jose/Research/qsmells/qsmells-study-data/experiments/scripts/../../tools/qiskit-terra/qiskit/algorithms/eigen_solvers/vqd.py', 645, 1)
(6, '/Users/jose/Research/qsmells/qsmells-study-data/experiments/scripts/../../tools/qiskit-terra/qiskit/algorithms/eigen_solvers/vqd.py', 693, 1)
(6, '/Users/jose/Research/qsmells/qsmells-study-data/experiments/scripts/../../tools/qiskit-terra/qiskit/algorithms/eigen_solvers/vqd.py', 706, 1)
(6, '/Users/jose/Research/qsmells/qsmells-study-data/experiments/scripts/../../tools/qiskit-terra/qiskit/algorithms/eigen_solvers/vqd.py', 709, 1)
(6, '/Users/jose/Research/qsmells/qsmells-study-data/experiments/scripts/../../tools/qiskit-terra/qiskit/algorithms/eigen_solvers/vqd.py', 713, 1)
(6, '/Users/jose/Research/qsmells/qsmells-study-data/experiments/scripts/../../tools/qiskit-terra/qiskit/algorithms/eigen_solvers/vqd.py', 646, 1)
(6, '/Users/jose/Research/qsmells/qsmells-study-data/experiments/scripts/../../tools/qiskit-terra/qiskit/algorithms/eigen_solvers/vqd.py', 646, 1)
(6, '/Users/jose/Research/qsmells/qsmells-study-data/experiments/scripts/../../tools/qiskit-terra/qiskit/algorithms/eigen_solvers/vqd.py', 646, 1)
(6, '/Users/jose/Research/qsmells/qsmells-study-data/experiments/scripts/../../tools/qiskit-terra/qiskit/algorithms/eigen_solvers/vqd.py', 720, 1)
(6, '/Users/jose/Research/qsmells/qsmells-study-data/experiments/scripts/../../tools/qiskit-terra/qiskit/algorithms/eigen_solvers/vqd.py', 720, 1)
(6, '/Users/jose/Research/qsmells/qsmells-study-data/experiments/scripts/../../tools/qiskit-terra/qiskit/algorithms/eigen_solvers/vqd.py', 720, 1)
(6, '/Users/jose/Research/qsmells/qsmells-study-data/experiments/scripts/../../tools/qiskit-terra/qiskit/algorithms/eigen_solvers/vqd.py', 740, 1)
(6, '/Users/jose/Research/qsmells/qsmells-study-data/experiments/scripts/../../tools/qiskit-terra/qiskit/algorithms/eigen_solvers/vqd.py', 750, 1)
  metric  value
0    LEC      1
DONE!
