Python 3.7.8
[DEBUG] Running PySmell on /Users/jose/Research/qsmells/qsmells-study-data/experiments/scripts/../../tools/qiskit-nature/qiskit_nature/algorithms/excited_states_solvers/qeom.py
(2, '/Users/jose/Research/qsmells/qsmells-study-data/experiments/scripts/../../tools/qiskit-nature/qiskit_nature/algorithms/excited_states_solvers/qeom.py', 46, 4)
(2, '/Users/jose/Research/qsmells/qsmells-study-data/experiments/scripts/../../tools/qiskit-nature/qiskit_nature/algorithms/excited_states_solvers/qeom.py', 64, 3)
(2, '/Users/jose/Research/qsmells/qsmells-study-data/experiments/scripts/../../tools/qiskit-nature/qiskit_nature/algorithms/excited_states_solvers/qeom.py', 69, 6)
(2, '/Users/jose/Research/qsmells/qsmells-study-data/experiments/scripts/../../tools/qiskit-nature/qiskit_nature/algorithms/excited_states_solvers/qeom.py', 80, 2)
(2, '/Users/jose/Research/qsmells/qsmells-study-data/experiments/scripts/../../tools/qiskit-nature/qiskit_nature/algorithms/excited_states_solvers/qeom.py', 84, 2)
(2, '/Users/jose/Research/qsmells/qsmells-study-data/experiments/scripts/../../tools/qiskit-nature/qiskit_nature/algorithms/excited_states_solvers/qeom.py', 91, 48)
(2, '/Users/jose/Research/qsmells/qsmells-study-data/experiments/scripts/../../tools/qiskit-nature/qiskit_nature/algorithms/excited_states_solvers/qeom.py', 179, 7)
(2, '/Users/jose/Research/qsmells/qsmells-study-data/experiments/scripts/../../tools/qiskit-nature/qiskit_nature/algorithms/excited_states_solvers/qeom.py', 197, 24)
(2, '/Users/jose/Research/qsmells/qsmells-study-data/experiments/scripts/../../tools/qiskit-nature/qiskit_nature/algorithms/excited_states_solvers/qeom.py', 219, 23)
(2, '/Users/jose/Research/qsmells/qsmells-study-data/experiments/scripts/../../tools/qiskit-nature/qiskit_nature/algorithms/excited_states_solvers/qeom.py', 281, 32)
(2, '/Users/jose/Research/qsmells/qsmells-study-data/experiments/scripts/../../tools/qiskit-nature/qiskit_nature/algorithms/excited_states_solvers/qeom.py', 344, 58)
(2, '/Users/jose/Research/qsmells/qsmells-study-data/experiments/scripts/../../tools/qiskit-nature/qiskit_nature/algorithms/excited_states_solvers/qeom.py', 434, 14)
(2, '/Users/jose/Research/qsmells/qsmells-study-data/experiments/scripts/../../tools/qiskit-nature/qiskit_nature/algorithms/excited_states_solvers/qeom.py', 477, 11)
(2, '/Users/jose/Research/qsmells/qsmells-study-data/experiments/scripts/../../tools/qiskit-nature/qiskit_nature/algorithms/excited_states_solvers/qeom.py', 490, 2)
(2, '/Users/jose/Research/qsmells/qsmells-study-data/experiments/scripts/../../tools/qiskit-nature/qiskit_nature/algorithms/excited_states_solvers/qeom.py', 495, 3)
(2, '/Users/jose/Research/qsmells/qsmells-study-data/experiments/scripts/../../tools/qiskit-nature/qiskit_nature/algorithms/excited_states_solvers/qeom.py', 500, 3)
(2, '/Users/jose/Research/qsmells/qsmells-study-data/experiments/scripts/../../tools/qiskit-nature/qiskit_nature/algorithms/excited_states_solvers/qeom.py', 505, 3)
(2, '/Users/jose/Research/qsmells/qsmells-study-data/experiments/scripts/../../tools/qiskit-nature/qiskit_nature/algorithms/excited_states_solvers/qeom.py', 510, 3)
(2, '/Users/jose/Research/qsmells/qsmells-study-data/experiments/scripts/../../tools/qiskit-nature/qiskit_nature/algorithms/excited_states_solvers/qeom.py', 515, 3)
(2, '/Users/jose/Research/qsmells/qsmells-study-data/experiments/scripts/../../tools/qiskit-nature/qiskit_nature/algorithms/excited_states_solvers/qeom.py', 520, 3)
(2, '/Users/jose/Research/qsmells/qsmells-study-data/experiments/scripts/../../tools/qiskit-nature/qiskit_nature/algorithms/excited_states_solvers/qeom.py', 525, 3)
(2, '/Users/jose/Research/qsmells/qsmells-study-data/experiments/scripts/../../tools/qiskit-nature/qiskit_nature/algorithms/excited_states_solvers/qeom.py', 530, 3)
(2, '/Users/jose/Research/qsmells/qsmells-study-data/experiments/scripts/../../tools/qiskit-nature/qiskit_nature/algorithms/excited_states_solvers/qeom.py', 535, 3)
(2, '/Users/jose/Research/qsmells/qsmells-study-data/experiments/scripts/../../tools/qiskit-nature/qiskit_nature/algorithms/excited_states_solvers/qeom.py', 540, 3)
(2, '/Users/jose/Research/qsmells/qsmells-study-data/experiments/scripts/../../tools/qiskit-nature/qiskit_nature/algorithms/excited_states_solvers/qeom.py', 545, 3)
(2, '/Users/jose/Research/qsmells/qsmells-study-data/experiments/scripts/../../tools/qiskit-nature/qiskit_nature/algorithms/excited_states_solvers/qeom.py', 550, 3)
(2, '/Users/jose/Research/qsmells/qsmells-study-data/experiments/scripts/../../tools/qiskit-nature/qiskit_nature/algorithms/excited_states_solvers/qeom.py', 555, 3)
(2, '/Users/jose/Research/qsmells/qsmells-study-data/experiments/scripts/../../tools/qiskit-nature/qiskit_nature/algorithms/excited_states_solvers/qeom.py', 560, 3)
(2, '/Users/jose/Research/qsmells/qsmells-study-data/experiments/scripts/../../tools/qiskit-nature/qiskit_nature/algorithms/excited_states_solvers/qeom.py', 565, 3)
(2, '/Users/jose/Research/qsmells/qsmells-study-data/experiments/scripts/../../tools/qiskit-nature/qiskit_nature/algorithms/excited_states_solvers/qeom.py', 570, 3)
(2, '/Users/jose/Research/qsmells/qsmells-study-data/experiments/scripts/../../tools/qiskit-nature/qiskit_nature/algorithms/excited_states_solvers/qeom.py', 575, 3)
(2, '/Users/jose/Research/qsmells/qsmells-study-data/experiments/scripts/../../tools/qiskit-nature/qiskit_nature/algorithms/excited_states_solvers/qeom.py', 580, 3)
(2, '/Users/jose/Research/qsmells/qsmells-study-data/experiments/scripts/../../tools/qiskit-nature/qiskit_nature/algorithms/excited_states_solvers/qeom.py', 585, 3)
(2, '/Users/jose/Research/qsmells/qsmells-study-data/experiments/scripts/../../tools/qiskit-nature/qiskit_nature/algorithms/excited_states_solvers/qeom.py', 590, 3)
(2, '/Users/jose/Research/qsmells/qsmells-study-data/experiments/scripts/../../tools/qiskit-nature/qiskit_nature/algorithms/excited_states_solvers/qeom.py', 595, 3)
  metric  value
0   MLOC     58
DONE!
