Python 3.7.8
[DEBUG] Running PySmell on /Users/jose/Research/qsmells/qsmells-study-data/experiments/scripts/../../tools/qiskit-machine-learning/qiskit_machine_learning/algorithms/distribution_learners/qgan/qgan.py
(1, '/Users/jose/Research/qsmells/qsmells-study-data/experiments/scripts/../../tools/qiskit-machine-learning/qiskit_machine_learning/algorithms/distribution_learners/qgan/qgan.py', 66, 11)
(1, '/Users/jose/Research/qsmells/qsmells-study-data/experiments/scripts/../../tools/qiskit-machine-learning/qiskit_machine_learning/algorithms/distribution_learners/qgan/qgan.py', 174, 0)
(1, '/Users/jose/Research/qsmells/qsmells-study-data/experiments/scripts/../../tools/qiskit-machine-learning/qiskit_machine_learning/algorithms/distribution_learners/qgan/qgan.py', 179, 1)
(1, '/Users/jose/Research/qsmells/qsmells-study-data/experiments/scripts/../../tools/qiskit-machine-learning/qiskit_machine_learning/algorithms/distribution_learners/qgan/qgan.py', 206, 0)
(1, '/Users/jose/Research/qsmells/qsmells-study-data/experiments/scripts/../../tools/qiskit-machine-learning/qiskit_machine_learning/algorithms/distribution_learners/qgan/qgan.py', 211, 1)
(1, '/Users/jose/Research/qsmells/qsmells-study-data/experiments/scripts/../../tools/qiskit-machine-learning/qiskit_machine_learning/algorithms/distribution_learners/qgan/qgan.py', 218, 1)
(1, '/Users/jose/Research/qsmells/qsmells-study-data/experiments/scripts/../../tools/qiskit-machine-learning/qiskit_machine_learning/algorithms/distribution_learners/qgan/qgan.py', 223, 0)
(1, '/Users/jose/Research/qsmells/qsmells-study-data/experiments/scripts/../../tools/qiskit-machine-learning/qiskit_machine_learning/algorithms/distribution_learners/qgan/qgan.py', 228, 1)
(1, '/Users/jose/Research/qsmells/qsmells-study-data/experiments/scripts/../../tools/qiskit-machine-learning/qiskit_machine_learning/algorithms/distribution_learners/qgan/qgan.py', 233, 0)
(1, '/Users/jose/Research/qsmells/qsmells-study-data/experiments/scripts/../../tools/qiskit-machine-learning/qiskit_machine_learning/algorithms/distribution_learners/qgan/qgan.py', 238, 1)
(1, '/Users/jose/Research/qsmells/qsmells-study-data/experiments/scripts/../../tools/qiskit-machine-learning/qiskit_machine_learning/algorithms/distribution_learners/qgan/qgan.py', 251, 0)
(1, '/Users/jose/Research/qsmells/qsmells-study-data/experiments/scripts/../../tools/qiskit-machine-learning/qiskit_machine_learning/algorithms/distribution_learners/qgan/qgan.py', 256, 1)
(1, '/Users/jose/Research/qsmells/qsmells-study-data/experiments/scripts/../../tools/qiskit-machine-learning/qiskit_machine_learning/algorithms/distribution_learners/qgan/qgan.py', 268, 0)
(1, '/Users/jose/Research/qsmells/qsmells-study-data/experiments/scripts/../../tools/qiskit-machine-learning/qiskit_machine_learning/algorithms/distribution_learners/qgan/qgan.py', 274, 4)
(1, '/Users/jose/Research/qsmells/qsmells-study-data/experiments/scripts/../../tools/qiskit-machine-learning/qiskit_machine_learning/algorithms/distribution_learners/qgan/qgan.py', 310, 0)
(1, '/Users/jose/Research/qsmells/qsmells-study-data/experiments/scripts/../../tools/qiskit-machine-learning/qiskit_machine_learning/algorithms/distribution_learners/qgan/qgan.py', 315, 1)
(1, '/Users/jose/Research/qsmells/qsmells-study-data/experiments/scripts/../../tools/qiskit-machine-learning/qiskit_machine_learning/algorithms/distribution_learners/qgan/qgan.py', 329, 0)
(1, '/Users/jose/Research/qsmells/qsmells-study-data/experiments/scripts/../../tools/qiskit-machine-learning/qiskit_machine_learning/algorithms/distribution_learners/qgan/qgan.py', 334, 0)
(1, '/Users/jose/Research/qsmells/qsmells-study-data/experiments/scripts/../../tools/qiskit-machine-learning/qiskit_machine_learning/algorithms/distribution_learners/qgan/qgan.py', 339, 0)
(1, '/Users/jose/Research/qsmells/qsmells-study-data/experiments/scripts/../../tools/qiskit-machine-learning/qiskit_machine_learning/algorithms/distribution_learners/qgan/qgan.py', 344, 0)
(1, '/Users/jose/Research/qsmells/qsmells-study-data/experiments/scripts/../../tools/qiskit-machine-learning/qiskit_machine_learning/algorithms/distribution_learners/qgan/qgan.py', 356, 4)
(1, '/Users/jose/Research/qsmells/qsmells-study-data/experiments/scripts/../../tools/qiskit-machine-learning/qiskit_machine_learning/algorithms/distribution_learners/qgan/qgan.py', 379, 0)
(1, '/Users/jose/Research/qsmells/qsmells-study-data/experiments/scripts/../../tools/qiskit-machine-learning/qiskit_machine_learning/algorithms/distribution_learners/qgan/qgan.py', 456, 0)
  metric  value
0    PAR     11
DONE!
