Python 3.7.8
[DEBUG] Running PySmell on /Users/jose/Research/qsmells/qsmells-study-data/experiments/scripts/../../tools/qiskit-terra/qiskit/algorithms/amplitude_estimators/ae.py
(6, '/Users/jose/Research/qsmells/qsmells-study-data/experiments/scripts/../../tools/qiskit-terra/qiskit/algorithms/amplitude_estimators/ae.py', 59, 1)
(6, '/Users/jose/Research/qsmells/qsmells-study-data/experiments/scripts/../../tools/qiskit-terra/qiskit/algorithms/amplitude_estimators/ae.py', 60, 1)
(6, '/Users/jose/Research/qsmells/qsmells-study-data/experiments/scripts/../../tools/qiskit-terra/qiskit/algorithms/amplitude_estimators/ae.py', 61, 1)
(6, '/Users/jose/Research/qsmells/qsmells-study-data/experiments/scripts/../../tools/qiskit-terra/qiskit/algorithms/amplitude_estimators/ae.py', 61, 1)
(6, '/Users/jose/Research/qsmells/qsmells-study-data/experiments/scripts/../../tools/qiskit-terra/qiskit/algorithms/amplitude_estimators/ae.py', 92, 1)
(6, '/Users/jose/Research/qsmells/qsmells-study-data/experiments/scripts/../../tools/qiskit-terra/qiskit/algorithms/amplitude_estimators/ae.py', 101, 1)
(6, '/Users/jose/Research/qsmells/qsmells-study-data/experiments/scripts/../../tools/qiskit-terra/qiskit/algorithms/amplitude_estimators/ae.py', 152, 1)
(6, '/Users/jose/Research/qsmells/qsmells-study-data/experiments/scripts/../../tools/qiskit-terra/qiskit/algorithms/amplitude_estimators/ae.py', 152, 1)
(6, '/Users/jose/Research/qsmells/qsmells-study-data/experiments/scripts/../../tools/qiskit-terra/qiskit/algorithms/amplitude_estimators/ae.py', 154, 1)
(6, '/Users/jose/Research/qsmells/qsmells-study-data/experiments/scripts/../../tools/qiskit-terra/qiskit/algorithms/amplitude_estimators/ae.py', 154, 1)
(6, '/Users/jose/Research/qsmells/qsmells-study-data/experiments/scripts/../../tools/qiskit-terra/qiskit/algorithms/amplitude_estimators/ae.py', 154, 1)
(6, '/Users/jose/Research/qsmells/qsmells-study-data/experiments/scripts/../../tools/qiskit-terra/qiskit/algorithms/amplitude_estimators/ae.py', 186, 1)
(6, '/Users/jose/Research/qsmells/qsmells-study-data/experiments/scripts/../../tools/qiskit-terra/qiskit/algorithms/amplitude_estimators/ae.py', 186, 1)
(6, '/Users/jose/Research/qsmells/qsmells-study-data/experiments/scripts/../../tools/qiskit-terra/qiskit/algorithms/amplitude_estimators/ae.py', 187, 1)
(6, '/Users/jose/Research/qsmells/qsmells-study-data/experiments/scripts/../../tools/qiskit-terra/qiskit/algorithms/amplitude_estimators/ae.py', 188, 1)
(6, '/Users/jose/Research/qsmells/qsmells-study-data/experiments/scripts/../../tools/qiskit-terra/qiskit/algorithms/amplitude_estimators/ae.py', 196, 1)
(6, '/Users/jose/Research/qsmells/qsmells-study-data/experiments/scripts/../../tools/qiskit-terra/qiskit/algorithms/amplitude_estimators/ae.py', 207, 2)
(6, '/Users/jose/Research/qsmells/qsmells-study-data/experiments/scripts/../../tools/qiskit-terra/qiskit/algorithms/amplitude_estimators/ae.py', 209, 1)
(6, '/Users/jose/Research/qsmells/qsmells-study-data/experiments/scripts/../../tools/qiskit-terra/qiskit/algorithms/amplitude_estimators/ae.py', 211, 1)
(6, '/Users/jose/Research/qsmells/qsmells-study-data/experiments/scripts/../../tools/qiskit-terra/qiskit/algorithms/amplitude_estimators/ae.py', 263, 1)
(6, '/Users/jose/Research/qsmells/qsmells-study-data/experiments/scripts/../../tools/qiskit-terra/qiskit/algorithms/amplitude_estimators/ae.py', 263, 1)
(6, '/Users/jose/Research/qsmells/qsmells-study-data/experiments/scripts/../../tools/qiskit-terra/qiskit/algorithms/amplitude_estimators/ae.py', 352, 1)
(6, '/Users/jose/Research/qsmells/qsmells-study-data/experiments/scripts/../../tools/qiskit-terra/qiskit/algorithms/amplitude_estimators/ae.py', 418, 1)
(6, '/Users/jose/Research/qsmells/qsmells-study-data/experiments/scripts/../../tools/qiskit-terra/qiskit/algorithms/amplitude_estimators/ae.py', 423, 1)
(6, '/Users/jose/Research/qsmells/qsmells-study-data/experiments/scripts/../../tools/qiskit-terra/qiskit/algorithms/amplitude_estimators/ae.py', 438, 1)
(6, '/Users/jose/Research/qsmells/qsmells-study-data/experiments/scripts/../../tools/qiskit-terra/qiskit/algorithms/amplitude_estimators/ae.py', 443, 1)
(6, '/Users/jose/Research/qsmells/qsmells-study-data/experiments/scripts/../../tools/qiskit-terra/qiskit/algorithms/amplitude_estimators/ae.py', 448, 1)
(6, '/Users/jose/Research/qsmells/qsmells-study-data/experiments/scripts/../../tools/qiskit-terra/qiskit/algorithms/amplitude_estimators/ae.py', 453, 1)
(6, '/Users/jose/Research/qsmells/qsmells-study-data/experiments/scripts/../../tools/qiskit-terra/qiskit/algorithms/amplitude_estimators/ae.py', 503, 1)
(6, '/Users/jose/Research/qsmells/qsmells-study-data/experiments/scripts/../../tools/qiskit-terra/qiskit/algorithms/amplitude_estimators/ae.py', 576, 1)
(6, '/Users/jose/Research/qsmells/qsmells-study-data/experiments/scripts/../../tools/qiskit-terra/qiskit/algorithms/amplitude_estimators/ae.py', 576, 1)
(6, '/Users/jose/Research/qsmells/qsmells-study-data/experiments/scripts/../../tools/qiskit-terra/qiskit/algorithms/amplitude_estimators/ae.py', 523, 1)
  metric  value
0    LEC      2
DONE!
