Python 3.7.8
[DEBUG] Running PySmell on /Users/jose/Research/qsmells/qsmells-study-data/experiments/scripts/../../tools/qiskit-nature/qiskit_nature/algorithms/ground_state_solvers/adapt_vqe.py
(13, '/Users/jose/Research/qsmells/qsmells-study-data/experiments/scripts/../../tools/qiskit-nature/qiskit_nature/algorithms/ground_state_solvers/adapt_vqe.py', 142, 2)
(13, '/Users/jose/Research/qsmells/qsmells-study-data/experiments/scripts/../../tools/qiskit-nature/qiskit_nature/algorithms/ground_state_solvers/adapt_vqe.py', 146, 2)
(13, '/Users/jose/Research/qsmells/qsmells-study-data/experiments/scripts/../../tools/qiskit-nature/qiskit_nature/algorithms/ground_state_solvers/adapt_vqe.py', 148, 2)
(13, '/Users/jose/Research/qsmells/qsmells-study-data/experiments/scripts/../../tools/qiskit-nature/qiskit_nature/algorithms/ground_state_solvers/adapt_vqe.py', 150, 2)
(13, '/Users/jose/Research/qsmells/qsmells-study-data/experiments/scripts/../../tools/qiskit-nature/qiskit_nature/algorithms/ground_state_solvers/adapt_vqe.py', 153, 2)
(13, '/Users/jose/Research/qsmells/qsmells-study-data/experiments/scripts/../../tools/qiskit-nature/qiskit_nature/algorithms/ground_state_solvers/adapt_vqe.py', 156, 2)
(13, '/Users/jose/Research/qsmells/qsmells-study-data/experiments/scripts/../../tools/qiskit-nature/qiskit_nature/algorithms/ground_state_solvers/adapt_vqe.py', 230, 2)
(13, '/Users/jose/Research/qsmells/qsmells-study-data/experiments/scripts/../../tools/qiskit-nature/qiskit_nature/algorithms/ground_state_solvers/adapt_vqe.py', 235, 2)
(13, '/Users/jose/Research/qsmells/qsmells-study-data/experiments/scripts/../../tools/qiskit-nature/qiskit_nature/algorithms/ground_state_solvers/adapt_vqe.py', 243, 2)
(13, '/Users/jose/Research/qsmells/qsmells-study-data/experiments/scripts/../../tools/qiskit-nature/qiskit_nature/algorithms/ground_state_solvers/adapt_vqe.py', 258, 2)
(13, '/Users/jose/Research/qsmells/qsmells-study-data/experiments/scripts/../../tools/qiskit-nature/qiskit_nature/algorithms/ground_state_solvers/adapt_vqe.py', 272, 2)
(13, '/Users/jose/Research/qsmells/qsmells-study-data/experiments/scripts/../../tools/qiskit-nature/qiskit_nature/algorithms/ground_state_solvers/adapt_vqe.py', 273, 2)
(13, '/Users/jose/Research/qsmells/qsmells-study-data/experiments/scripts/../../tools/qiskit-nature/qiskit_nature/algorithms/ground_state_solvers/adapt_vqe.py', 322, 2)
(13, '/Users/jose/Research/qsmells/qsmells-study-data/experiments/scripts/../../tools/qiskit-nature/qiskit_nature/algorithms/ground_state_solvers/adapt_vqe.py', 325, 2)
(13, '/Users/jose/Research/qsmells/qsmells-study-data/experiments/scripts/../../tools/qiskit-nature/qiskit_nature/algorithms/ground_state_solvers/adapt_vqe.py', 329, 2)
  metric  value
0    LMC      2
DONE!
