Python 3.7.8
[DEBUG] Running PySmell on /Users/jose/Research/qsmells/qsmells-study-data/experiments/scripts/../../tools/qiskit-terra/qiskit/algorithms/factorizers/shor.py
(6, '/Users/jose/Research/qsmells/qsmells-study-data/experiments/scripts/../../tools/qiskit-terra/qiskit/algorithms/factorizers/shor.py', 53, 1)
(6, '/Users/jose/Research/qsmells/qsmells-study-data/experiments/scripts/../../tools/qiskit-terra/qiskit/algorithms/factorizers/shor.py', 53, 1)
(6, '/Users/jose/Research/qsmells/qsmells-study-data/experiments/scripts/../../tools/qiskit-terra/qiskit/algorithms/factorizers/shor.py', 64, 1)
(6, '/Users/jose/Research/qsmells/qsmells-study-data/experiments/scripts/../../tools/qiskit-terra/qiskit/algorithms/factorizers/shor.py', 69, 1)
(6, '/Users/jose/Research/qsmells/qsmells-study-data/experiments/scripts/../../tools/qiskit-terra/qiskit/algorithms/factorizers/shor.py', 78, 1)
(6, '/Users/jose/Research/qsmells/qsmells-study-data/experiments/scripts/../../tools/qiskit-terra/qiskit/algorithms/factorizers/shor.py', 78, 1)
(6, '/Users/jose/Research/qsmells/qsmells-study-data/experiments/scripts/../../tools/qiskit-terra/qiskit/algorithms/factorizers/shor.py', 84, 1)
(6, '/Users/jose/Research/qsmells/qsmells-study-data/experiments/scripts/../../tools/qiskit-terra/qiskit/algorithms/factorizers/shor.py', 85, 1)
(6, '/Users/jose/Research/qsmells/qsmells-study-data/experiments/scripts/../../tools/qiskit-terra/qiskit/algorithms/factorizers/shor.py', 90, 1)
(6, '/Users/jose/Research/qsmells/qsmells-study-data/experiments/scripts/../../tools/qiskit-terra/qiskit/algorithms/factorizers/shor.py', 99, 1)
(6, '/Users/jose/Research/qsmells/qsmells-study-data/experiments/scripts/../../tools/qiskit-terra/qiskit/algorithms/factorizers/shor.py', 120, 1)
(6, '/Users/jose/Research/qsmells/qsmells-study-data/experiments/scripts/../../tools/qiskit-terra/qiskit/algorithms/factorizers/shor.py', 120, 1)
(6, '/Users/jose/Research/qsmells/qsmells-study-data/experiments/scripts/../../tools/qiskit-terra/qiskit/algorithms/factorizers/shor.py', 128, 1)
(6, '/Users/jose/Research/qsmells/qsmells-study-data/experiments/scripts/../../tools/qiskit-terra/qiskit/algorithms/factorizers/shor.py', 129, 1)
(6, '/Users/jose/Research/qsmells/qsmells-study-data/experiments/scripts/../../tools/qiskit-terra/qiskit/algorithms/factorizers/shor.py', 129, 1)
(6, '/Users/jose/Research/qsmells/qsmells-study-data/experiments/scripts/../../tools/qiskit-terra/qiskit/algorithms/factorizers/shor.py', 130, 1)
(6, '/Users/jose/Research/qsmells/qsmells-study-data/experiments/scripts/../../tools/qiskit-terra/qiskit/algorithms/factorizers/shor.py', 157, 1)
(6, '/Users/jose/Research/qsmells/qsmells-study-data/experiments/scripts/../../tools/qiskit-terra/qiskit/algorithms/factorizers/shor.py', 169, 1)
(6, '/Users/jose/Research/qsmells/qsmells-study-data/experiments/scripts/../../tools/qiskit-terra/qiskit/algorithms/factorizers/shor.py', 169, 1)
(6, '/Users/jose/Research/qsmells/qsmells-study-data/experiments/scripts/../../tools/qiskit-terra/qiskit/algorithms/factorizers/shor.py', 206, 1)
(6, '/Users/jose/Research/qsmells/qsmells-study-data/experiments/scripts/../../tools/qiskit-terra/qiskit/algorithms/factorizers/shor.py', 262, 1)
(6, '/Users/jose/Research/qsmells/qsmells-study-data/experiments/scripts/../../tools/qiskit-terra/qiskit/algorithms/factorizers/shor.py', 285, 1)
(6, '/Users/jose/Research/qsmells/qsmells-study-data/experiments/scripts/../../tools/qiskit-terra/qiskit/algorithms/factorizers/shor.py', 325, 1)
(6, '/Users/jose/Research/qsmells/qsmells-study-data/experiments/scripts/../../tools/qiskit-terra/qiskit/algorithms/factorizers/shor.py', 332, 1)
(6, '/Users/jose/Research/qsmells/qsmells-study-data/experiments/scripts/../../tools/qiskit-terra/qiskit/algorithms/factorizers/shor.py', 333, 1)
(6, '/Users/jose/Research/qsmells/qsmells-study-data/experiments/scripts/../../tools/qiskit-terra/qiskit/algorithms/factorizers/shor.py', 333, 1)
(6, '/Users/jose/Research/qsmells/qsmells-study-data/experiments/scripts/../../tools/qiskit-terra/qiskit/algorithms/factorizers/shor.py', 367, 1)
(6, '/Users/jose/Research/qsmells/qsmells-study-data/experiments/scripts/../../tools/qiskit-terra/qiskit/algorithms/factorizers/shor.py', 300, 1)
(6, '/Users/jose/Research/qsmells/qsmells-study-data/experiments/scripts/../../tools/qiskit-terra/qiskit/algorithms/factorizers/shor.py', 300, 1)
(6, '/Users/jose/Research/qsmells/qsmells-study-data/experiments/scripts/../../tools/qiskit-terra/qiskit/algorithms/factorizers/shor.py', 388, 1)
(6, '/Users/jose/Research/qsmells/qsmells-study-data/experiments/scripts/../../tools/qiskit-terra/qiskit/algorithms/factorizers/shor.py', 390, 1)
(6, '/Users/jose/Research/qsmells/qsmells-study-data/experiments/scripts/../../tools/qiskit-terra/qiskit/algorithms/factorizers/shor.py', 459, 1)
(6, '/Users/jose/Research/qsmells/qsmells-study-data/experiments/scripts/../../tools/qiskit-terra/qiskit/algorithms/factorizers/shor.py', 459, 1)
(6, '/Users/jose/Research/qsmells/qsmells-study-data/experiments/scripts/../../tools/qiskit-terra/qiskit/algorithms/factorizers/shor.py', 492, 1)
(6, '/Users/jose/Research/qsmells/qsmells-study-data/experiments/scripts/../../tools/qiskit-terra/qiskit/algorithms/factorizers/shor.py', 492, 1)
(6, '/Users/jose/Research/qsmells/qsmells-study-data/experiments/scripts/../../tools/qiskit-terra/qiskit/algorithms/factorizers/shor.py', 497, 1)
(6, '/Users/jose/Research/qsmells/qsmells-study-data/experiments/scripts/../../tools/qiskit-terra/qiskit/algorithms/factorizers/shor.py', 497, 1)
  metric  value
0    LEC      1
DONE!
