Python 3.7.8
[DEBUG] Running PySmell on /Users/jose/Research/qsmells/qsmells-study-data/experiments/scripts/../../tools/qiskit-nature/qiskit_nature/algorithms/excited_states_solvers/qeom.py
(6, '/Users/jose/Research/qsmells/qsmells-study-data/experiments/scripts/../../tools/qiskit-nature/qiskit_nature/algorithms/excited_states_solvers/qeom.py', 49, 1)
(6, '/Users/jose/Research/qsmells/qsmells-study-data/experiments/scripts/../../tools/qiskit-nature/qiskit_nature/algorithms/excited_states_solvers/qeom.py', 49, 1)
(6, '/Users/jose/Research/qsmells/qsmells-study-data/experiments/scripts/../../tools/qiskit-nature/qiskit_nature/algorithms/excited_states_solvers/qeom.py', 49, 1)
(6, '/Users/jose/Research/qsmells/qsmells-study-data/experiments/scripts/../../tools/qiskit-nature/qiskit_nature/algorithms/excited_states_solvers/qeom.py', 65, 1)
(6, '/Users/jose/Research/qsmells/qsmells-study-data/experiments/scripts/../../tools/qiskit-nature/qiskit_nature/algorithms/excited_states_solvers/qeom.py', 65, 1)
(6, '/Users/jose/Research/qsmells/qsmells-study-data/experiments/scripts/../../tools/qiskit-nature/qiskit_nature/algorithms/excited_states_solvers/qeom.py', 65, 1)
(6, '/Users/jose/Research/qsmells/qsmells-study-data/experiments/scripts/../../tools/qiskit-nature/qiskit_nature/algorithms/excited_states_solvers/qeom.py', 70, 1)
(6, '/Users/jose/Research/qsmells/qsmells-study-data/experiments/scripts/../../tools/qiskit-nature/qiskit_nature/algorithms/excited_states_solvers/qeom.py', 70, 1)
(6, '/Users/jose/Research/qsmells/qsmells-study-data/experiments/scripts/../../tools/qiskit-nature/qiskit_nature/algorithms/excited_states_solvers/qeom.py', 70, 1)
(6, '/Users/jose/Research/qsmells/qsmells-study-data/experiments/scripts/../../tools/qiskit-nature/qiskit_nature/algorithms/excited_states_solvers/qeom.py', 87, 1)
(6, '/Users/jose/Research/qsmells/qsmells-study-data/experiments/scripts/../../tools/qiskit-nature/qiskit_nature/algorithms/excited_states_solvers/qeom.py', 87, 1)
(6, '/Users/jose/Research/qsmells/qsmells-study-data/experiments/scripts/../../tools/qiskit-nature/qiskit_nature/algorithms/excited_states_solvers/qeom.py', 87, 1)
(6, '/Users/jose/Research/qsmells/qsmells-study-data/experiments/scripts/../../tools/qiskit-nature/qiskit_nature/algorithms/excited_states_solvers/qeom.py', 88, 1)
(6, '/Users/jose/Research/qsmells/qsmells-study-data/experiments/scripts/../../tools/qiskit-nature/qiskit_nature/algorithms/excited_states_solvers/qeom.py', 88, 1)
(6, '/Users/jose/Research/qsmells/qsmells-study-data/experiments/scripts/../../tools/qiskit-nature/qiskit_nature/algorithms/excited_states_solvers/qeom.py', 88, 1)
(6, '/Users/jose/Research/qsmells/qsmells-study-data/experiments/scripts/../../tools/qiskit-nature/qiskit_nature/algorithms/excited_states_solvers/qeom.py', 94, 1)
(6, '/Users/jose/Research/qsmells/qsmells-study-data/experiments/scripts/../../tools/qiskit-nature/qiskit_nature/algorithms/excited_states_solvers/qeom.py', 94, 1)
(6, '/Users/jose/Research/qsmells/qsmells-study-data/experiments/scripts/../../tools/qiskit-nature/qiskit_nature/algorithms/excited_states_solvers/qeom.py', 122, 1)
(6, '/Users/jose/Research/qsmells/qsmells-study-data/experiments/scripts/../../tools/qiskit-nature/qiskit_nature/algorithms/excited_states_solvers/qeom.py', 133, 1)
(6, '/Users/jose/Research/qsmells/qsmells-study-data/experiments/scripts/../../tools/qiskit-nature/qiskit_nature/algorithms/excited_states_solvers/qeom.py', 135, 1)
(6, '/Users/jose/Research/qsmells/qsmells-study-data/experiments/scripts/../../tools/qiskit-nature/qiskit_nature/algorithms/excited_states_solvers/qeom.py', 135, 1)
(6, '/Users/jose/Research/qsmells/qsmells-study-data/experiments/scripts/../../tools/qiskit-nature/qiskit_nature/algorithms/excited_states_solvers/qeom.py', 172, 1)
(6, '/Users/jose/Research/qsmells/qsmells-study-data/experiments/scripts/../../tools/qiskit-nature/qiskit_nature/algorithms/excited_states_solvers/qeom.py', 179, 1)
(6, '/Users/jose/Research/qsmells/qsmells-study-data/experiments/scripts/../../tools/qiskit-nature/qiskit_nature/algorithms/excited_states_solvers/qeom.py', 223, 1)
(6, '/Users/jose/Research/qsmells/qsmells-study-data/experiments/scripts/../../tools/qiskit-nature/qiskit_nature/algorithms/excited_states_solvers/qeom.py', 242, 1)
(6, '/Users/jose/Research/qsmells/qsmells-study-data/experiments/scripts/../../tools/qiskit-nature/qiskit_nature/algorithms/excited_states_solvers/qeom.py', 244, 1)
(6, '/Users/jose/Research/qsmells/qsmells-study-data/experiments/scripts/../../tools/qiskit-nature/qiskit_nature/algorithms/excited_states_solvers/qeom.py', 246, 1)
(6, '/Users/jose/Research/qsmells/qsmells-study-data/experiments/scripts/../../tools/qiskit-nature/qiskit_nature/algorithms/excited_states_solvers/qeom.py', 248, 1)
(6, '/Users/jose/Research/qsmells/qsmells-study-data/experiments/scripts/../../tools/qiskit-nature/qiskit_nature/algorithms/excited_states_solvers/qeom.py', 269, 1)
(6, '/Users/jose/Research/qsmells/qsmells-study-data/experiments/scripts/../../tools/qiskit-nature/qiskit_nature/algorithms/excited_states_solvers/qeom.py', 269, 1)
(6, '/Users/jose/Research/qsmells/qsmells-study-data/experiments/scripts/../../tools/qiskit-nature/qiskit_nature/algorithms/excited_states_solvers/qeom.py', 284, 1)
(6, '/Users/jose/Research/qsmells/qsmells-study-data/experiments/scripts/../../tools/qiskit-nature/qiskit_nature/algorithms/excited_states_solvers/qeom.py', 345, 1)
(6, '/Users/jose/Research/qsmells/qsmells-study-data/experiments/scripts/../../tools/qiskit-nature/qiskit_nature/algorithms/excited_states_solvers/qeom.py', 345, 1)
(6, '/Users/jose/Research/qsmells/qsmells-study-data/experiments/scripts/../../tools/qiskit-nature/qiskit_nature/algorithms/excited_states_solvers/qeom.py', 367, 1)
(6, '/Users/jose/Research/qsmells/qsmells-study-data/experiments/scripts/../../tools/qiskit-nature/qiskit_nature/algorithms/excited_states_solvers/qeom.py', 369, 2)
(6, '/Users/jose/Research/qsmells/qsmells-study-data/experiments/scripts/../../tools/qiskit-nature/qiskit_nature/algorithms/excited_states_solvers/qeom.py', 370, 2)
(6, '/Users/jose/Research/qsmells/qsmells-study-data/experiments/scripts/../../tools/qiskit-nature/qiskit_nature/algorithms/excited_states_solvers/qeom.py', 372, 2)
(6, '/Users/jose/Research/qsmells/qsmells-study-data/experiments/scripts/../../tools/qiskit-nature/qiskit_nature/algorithms/excited_states_solvers/qeom.py', 374, 2)
(6, '/Users/jose/Research/qsmells/qsmells-study-data/experiments/scripts/../../tools/qiskit-nature/qiskit_nature/algorithms/excited_states_solvers/qeom.py', 375, 2)
(6, '/Users/jose/Research/qsmells/qsmells-study-data/experiments/scripts/../../tools/qiskit-nature/qiskit_nature/algorithms/excited_states_solvers/qeom.py', 377, 2)
(6, '/Users/jose/Research/qsmells/qsmells-study-data/experiments/scripts/../../tools/qiskit-nature/qiskit_nature/algorithms/excited_states_solvers/qeom.py', 379, 2)
(6, '/Users/jose/Research/qsmells/qsmells-study-data/experiments/scripts/../../tools/qiskit-nature/qiskit_nature/algorithms/excited_states_solvers/qeom.py', 380, 2)
(6, '/Users/jose/Research/qsmells/qsmells-study-data/experiments/scripts/../../tools/qiskit-nature/qiskit_nature/algorithms/excited_states_solvers/qeom.py', 382, 2)
(6, '/Users/jose/Research/qsmells/qsmells-study-data/experiments/scripts/../../tools/qiskit-nature/qiskit_nature/algorithms/excited_states_solvers/qeom.py', 384, 2)
(6, '/Users/jose/Research/qsmells/qsmells-study-data/experiments/scripts/../../tools/qiskit-nature/qiskit_nature/algorithms/excited_states_solvers/qeom.py', 385, 2)
(6, '/Users/jose/Research/qsmells/qsmells-study-data/experiments/scripts/../../tools/qiskit-nature/qiskit_nature/algorithms/excited_states_solvers/qeom.py', 387, 2)
(6, '/Users/jose/Research/qsmells/qsmells-study-data/experiments/scripts/../../tools/qiskit-nature/qiskit_nature/algorithms/excited_states_solvers/qeom.py', 391, 2)
(6, '/Users/jose/Research/qsmells/qsmells-study-data/experiments/scripts/../../tools/qiskit-nature/qiskit_nature/algorithms/excited_states_solvers/qeom.py', 396, 2)
(6, '/Users/jose/Research/qsmells/qsmells-study-data/experiments/scripts/../../tools/qiskit-nature/qiskit_nature/algorithms/excited_states_solvers/qeom.py', 401, 2)
(6, '/Users/jose/Research/qsmells/qsmells-study-data/experiments/scripts/../../tools/qiskit-nature/qiskit_nature/algorithms/excited_states_solvers/qeom.py', 406, 2)
(6, '/Users/jose/Research/qsmells/qsmells-study-data/experiments/scripts/../../tools/qiskit-nature/qiskit_nature/algorithms/excited_states_solvers/qeom.py', 412, 1)
(6, '/Users/jose/Research/qsmells/qsmells-study-data/experiments/scripts/../../tools/qiskit-nature/qiskit_nature/algorithms/excited_states_solvers/qeom.py', 413, 1)
(6, '/Users/jose/Research/qsmells/qsmells-study-data/experiments/scripts/../../tools/qiskit-nature/qiskit_nature/algorithms/excited_states_solvers/qeom.py', 414, 1)
(6, '/Users/jose/Research/qsmells/qsmells-study-data/experiments/scripts/../../tools/qiskit-nature/qiskit_nature/algorithms/excited_states_solvers/qeom.py', 415, 1)
(6, '/Users/jose/Research/qsmells/qsmells-study-data/experiments/scripts/../../tools/qiskit-nature/qiskit_nature/algorithms/excited_states_solvers/qeom.py', 346, 1)
(6, '/Users/jose/Research/qsmells/qsmells-study-data/experiments/scripts/../../tools/qiskit-nature/qiskit_nature/algorithms/excited_states_solvers/qeom.py', 455, 2)
(6, '/Users/jose/Research/qsmells/qsmells-study-data/experiments/scripts/../../tools/qiskit-nature/qiskit_nature/algorithms/excited_states_solvers/qeom.py', 455, 1)
(6, '/Users/jose/Research/qsmells/qsmells-study-data/experiments/scripts/../../tools/qiskit-nature/qiskit_nature/algorithms/excited_states_solvers/qeom.py', 464, 1)
(6, '/Users/jose/Research/qsmells/qsmells-study-data/experiments/scripts/../../tools/qiskit-nature/qiskit_nature/algorithms/excited_states_solvers/qeom.py', 465, 1)
(6, '/Users/jose/Research/qsmells/qsmells-study-data/experiments/scripts/../../tools/qiskit-nature/qiskit_nature/algorithms/excited_states_solvers/qeom.py', 467, 1)
(6, '/Users/jose/Research/qsmells/qsmells-study-data/experiments/scripts/../../tools/qiskit-nature/qiskit_nature/algorithms/excited_states_solvers/qeom.py', 468, 1)
(6, '/Users/jose/Research/qsmells/qsmells-study-data/experiments/scripts/../../tools/qiskit-nature/qiskit_nature/algorithms/excited_states_solvers/qeom.py', 471, 1)
(6, '/Users/jose/Research/qsmells/qsmells-study-data/experiments/scripts/../../tools/qiskit-nature/qiskit_nature/algorithms/excited_states_solvers/qeom.py', 437, 1)
(6, '/Users/jose/Research/qsmells/qsmells-study-data/experiments/scripts/../../tools/qiskit-nature/qiskit_nature/algorithms/excited_states_solvers/qeom.py', 480, 1)
(6, '/Users/jose/Research/qsmells/qsmells-study-data/experiments/scripts/../../tools/qiskit-nature/qiskit_nature/algorithms/excited_states_solvers/qeom.py', 481, 1)
(6, '/Users/jose/Research/qsmells/qsmells-study-data/experiments/scripts/../../tools/qiskit-nature/qiskit_nature/algorithms/excited_states_solvers/qeom.py', 482, 1)
(6, '/Users/jose/Research/qsmells/qsmells-study-data/experiments/scripts/../../tools/qiskit-nature/qiskit_nature/algorithms/excited_states_solvers/qeom.py', 483, 1)
(6, '/Users/jose/Research/qsmells/qsmells-study-data/experiments/scripts/../../tools/qiskit-nature/qiskit_nature/algorithms/excited_states_solvers/qeom.py', 484, 1)
(6, '/Users/jose/Research/qsmells/qsmells-study-data/experiments/scripts/../../tools/qiskit-nature/qiskit_nature/algorithms/excited_states_solvers/qeom.py', 485, 1)
(6, '/Users/jose/Research/qsmells/qsmells-study-data/experiments/scripts/../../tools/qiskit-nature/qiskit_nature/algorithms/excited_states_solvers/qeom.py', 501, 1)
(6, '/Users/jose/Research/qsmells/qsmells-study-data/experiments/scripts/../../tools/qiskit-nature/qiskit_nature/algorithms/excited_states_solvers/qeom.py', 511, 1)
(6, '/Users/jose/Research/qsmells/qsmells-study-data/experiments/scripts/../../tools/qiskit-nature/qiskit_nature/algorithms/excited_states_solvers/qeom.py', 521, 1)
(6, '/Users/jose/Research/qsmells/qsmells-study-data/experiments/scripts/../../tools/qiskit-nature/qiskit_nature/algorithms/excited_states_solvers/qeom.py', 531, 1)
(6, '/Users/jose/Research/qsmells/qsmells-study-data/experiments/scripts/../../tools/qiskit-nature/qiskit_nature/algorithms/excited_states_solvers/qeom.py', 541, 1)
(6, '/Users/jose/Research/qsmells/qsmells-study-data/experiments/scripts/../../tools/qiskit-nature/qiskit_nature/algorithms/excited_states_solvers/qeom.py', 551, 1)
  metric  value
0    LEC      2
DONE!
