Python 3.7.8
[DEBUG] Running PySmell on /Users/jose/Research/qsmells/qsmells-study-data/experiments/scripts/../../tools/qiskit-machine-learning/qiskit_machine_learning/algorithms/distribution_learners/qgan/qgan.py
(6, '/Users/jose/Research/qsmells/qsmells-study-data/experiments/scripts/../../tools/qiskit-machine-learning/qiskit_machine_learning/algorithms/distribution_learners/qgan/qgan.py', 68, 1)
(6, '/Users/jose/Research/qsmells/qsmells-study-data/experiments/scripts/../../tools/qiskit-machine-learning/qiskit_machine_learning/algorithms/distribution_learners/qgan/qgan.py', 69, 1)
(6, '/Users/jose/Research/qsmells/qsmells-study-data/experiments/scripts/../../tools/qiskit-machine-learning/qiskit_machine_learning/algorithms/distribution_learners/qgan/qgan.py', 69, 1)
(6, '/Users/jose/Research/qsmells/qsmells-study-data/experiments/scripts/../../tools/qiskit-machine-learning/qiskit_machine_learning/algorithms/distribution_learners/qgan/qgan.py', 70, 1)
(6, '/Users/jose/Research/qsmells/qsmells-study-data/experiments/scripts/../../tools/qiskit-machine-learning/qiskit_machine_learning/algorithms/distribution_learners/qgan/qgan.py', 70, 1)
(6, '/Users/jose/Research/qsmells/qsmells-study-data/experiments/scripts/../../tools/qiskit-machine-learning/qiskit_machine_learning/algorithms/distribution_learners/qgan/qgan.py', 74, 1)
(6, '/Users/jose/Research/qsmells/qsmells-study-data/experiments/scripts/../../tools/qiskit-machine-learning/qiskit_machine_learning/algorithms/distribution_learners/qgan/qgan.py', 75, 1)
(6, '/Users/jose/Research/qsmells/qsmells-study-data/experiments/scripts/../../tools/qiskit-machine-learning/qiskit_machine_learning/algorithms/distribution_learners/qgan/qgan.py', 76, 1)
(6, '/Users/jose/Research/qsmells/qsmells-study-data/experiments/scripts/../../tools/qiskit-machine-learning/qiskit_machine_learning/algorithms/distribution_learners/qgan/qgan.py', 77, 1)
(6, '/Users/jose/Research/qsmells/qsmells-study-data/experiments/scripts/../../tools/qiskit-machine-learning/qiskit_machine_learning/algorithms/distribution_learners/qgan/qgan.py', 78, 1)
(6, '/Users/jose/Research/qsmells/qsmells-study-data/experiments/scripts/../../tools/qiskit-machine-learning/qiskit_machine_learning/algorithms/distribution_learners/qgan/qgan.py', 78, 1)
(6, '/Users/jose/Research/qsmells/qsmells-study-data/experiments/scripts/../../tools/qiskit-machine-learning/qiskit_machine_learning/algorithms/distribution_learners/qgan/qgan.py', 114, 1)
(6, '/Users/jose/Research/qsmells/qsmells-study-data/experiments/scripts/../../tools/qiskit-machine-learning/qiskit_machine_learning/algorithms/distribution_learners/qgan/qgan.py', 114, 1)
(6, '/Users/jose/Research/qsmells/qsmells-study-data/experiments/scripts/../../tools/qiskit-machine-learning/qiskit_machine_learning/algorithms/distribution_learners/qgan/qgan.py', 116, 1)
(6, '/Users/jose/Research/qsmells/qsmells-study-data/experiments/scripts/../../tools/qiskit-machine-learning/qiskit_machine_learning/algorithms/distribution_learners/qgan/qgan.py', 134, 1)
(6, '/Users/jose/Research/qsmells/qsmells-study-data/experiments/scripts/../../tools/qiskit-machine-learning/qiskit_machine_learning/algorithms/distribution_learners/qgan/qgan.py', 134, 1)
(6, '/Users/jose/Research/qsmells/qsmells-study-data/experiments/scripts/../../tools/qiskit-machine-learning/qiskit_machine_learning/algorithms/distribution_learners/qgan/qgan.py', 181, 1)
(6, '/Users/jose/Research/qsmells/qsmells-study-data/experiments/scripts/../../tools/qiskit-machine-learning/qiskit_machine_learning/algorithms/distribution_learners/qgan/qgan.py', 181, 1)
(6, '/Users/jose/Research/qsmells/qsmells-study-data/experiments/scripts/../../tools/qiskit-machine-learning/qiskit_machine_learning/algorithms/distribution_learners/qgan/qgan.py', 207, 1)
(6, '/Users/jose/Research/qsmells/qsmells-study-data/experiments/scripts/../../tools/qiskit-machine-learning/qiskit_machine_learning/algorithms/distribution_learners/qgan/qgan.py', 212, 1)
(6, '/Users/jose/Research/qsmells/qsmells-study-data/experiments/scripts/../../tools/qiskit-machine-learning/qiskit_machine_learning/algorithms/distribution_learners/qgan/qgan.py', 276, 1)
(6, '/Users/jose/Research/qsmells/qsmells-study-data/experiments/scripts/../../tools/qiskit-machine-learning/qiskit_machine_learning/algorithms/distribution_learners/qgan/qgan.py', 277, 1)
(6, '/Users/jose/Research/qsmells/qsmells-study-data/experiments/scripts/../../tools/qiskit-machine-learning/qiskit_machine_learning/algorithms/distribution_learners/qgan/qgan.py', 278, 1)
(6, '/Users/jose/Research/qsmells/qsmells-study-data/experiments/scripts/../../tools/qiskit-machine-learning/qiskit_machine_learning/algorithms/distribution_learners/qgan/qgan.py', 279, 1)
(6, '/Users/jose/Research/qsmells/qsmells-study-data/experiments/scripts/../../tools/qiskit-machine-learning/qiskit_machine_learning/algorithms/distribution_learners/qgan/qgan.py', 279, 1)
(6, '/Users/jose/Research/qsmells/qsmells-study-data/experiments/scripts/../../tools/qiskit-machine-learning/qiskit_machine_learning/algorithms/distribution_learners/qgan/qgan.py', 330, 1)
(6, '/Users/jose/Research/qsmells/qsmells-study-data/experiments/scripts/../../tools/qiskit-machine-learning/qiskit_machine_learning/algorithms/distribution_learners/qgan/qgan.py', 335, 1)
(6, '/Users/jose/Research/qsmells/qsmells-study-data/experiments/scripts/../../tools/qiskit-machine-learning/qiskit_machine_learning/algorithms/distribution_learners/qgan/qgan.py', 340, 1)
(6, '/Users/jose/Research/qsmells/qsmells-study-data/experiments/scripts/../../tools/qiskit-machine-learning/qiskit_machine_learning/algorithms/distribution_learners/qgan/qgan.py', 351, 1)
(6, '/Users/jose/Research/qsmells/qsmells-study-data/experiments/scripts/../../tools/qiskit-machine-learning/qiskit_machine_learning/algorithms/distribution_learners/qgan/qgan.py', 351, 1)
(6, '/Users/jose/Research/qsmells/qsmells-study-data/experiments/scripts/../../tools/qiskit-machine-learning/qiskit_machine_learning/algorithms/distribution_learners/qgan/qgan.py', 411, 1)
(6, '/Users/jose/Research/qsmells/qsmells-study-data/experiments/scripts/../../tools/qiskit-machine-learning/qiskit_machine_learning/algorithms/distribution_learners/qgan/qgan.py', 422, 1)
(6, '/Users/jose/Research/qsmells/qsmells-study-data/experiments/scripts/../../tools/qiskit-machine-learning/qiskit_machine_learning/algorithms/distribution_learners/qgan/qgan.py', 427, 1)
(6, '/Users/jose/Research/qsmells/qsmells-study-data/experiments/scripts/../../tools/qiskit-machine-learning/qiskit_machine_learning/algorithms/distribution_learners/qgan/qgan.py', 434, 1)
(6, '/Users/jose/Research/qsmells/qsmells-study-data/experiments/scripts/../../tools/qiskit-machine-learning/qiskit_machine_learning/algorithms/distribution_learners/qgan/qgan.py', 434, 1)
(6, '/Users/jose/Research/qsmells/qsmells-study-data/experiments/scripts/../../tools/qiskit-machine-learning/qiskit_machine_learning/algorithms/distribution_learners/qgan/qgan.py', 435, 1)
(6, '/Users/jose/Research/qsmells/qsmells-study-data/experiments/scripts/../../tools/qiskit-machine-learning/qiskit_machine_learning/algorithms/distribution_learners/qgan/qgan.py', 435, 1)
(6, '/Users/jose/Research/qsmells/qsmells-study-data/experiments/scripts/../../tools/qiskit-machine-learning/qiskit_machine_learning/algorithms/distribution_learners/qgan/qgan.py', 436, 1)
(6, '/Users/jose/Research/qsmells/qsmells-study-data/experiments/scripts/../../tools/qiskit-machine-learning/qiskit_machine_learning/algorithms/distribution_learners/qgan/qgan.py', 437, 1)
(6, '/Users/jose/Research/qsmells/qsmells-study-data/experiments/scripts/../../tools/qiskit-machine-learning/qiskit_machine_learning/algorithms/distribution_learners/qgan/qgan.py', 438, 1)
  metric  value
0    LEC      1
DONE!
