Python 3.7.8
[DEBUG] Running PySmell on /Users/jose/Research/qsmells/qsmells-study-data/experiments/scripts/../../tools/qiskit-terra/qiskit/algorithms/minimum_eigen_solvers/vqe.py
(1, '/Users/jose/Research/qsmells/qsmells-study-data/experiments/scripts/../../tools/qiskit-terra/qiskit/algorithms/minimum_eigen_solvers/vqe.py', 123, 9)
(1, '/Users/jose/Research/qsmells/qsmells-study-data/experiments/scripts/../../tools/qiskit-terra/qiskit/algorithms/minimum_eigen_solvers/vqe.py', 207, 0)
(1, '/Users/jose/Research/qsmells/qsmells-study-data/experiments/scripts/../../tools/qiskit-terra/qiskit/algorithms/minimum_eigen_solvers/vqe.py', 212, 1)
(1, '/Users/jose/Research/qsmells/qsmells-study-data/experiments/scripts/../../tools/qiskit-terra/qiskit/algorithms/minimum_eigen_solvers/vqe.py', 226, 0)
(1, '/Users/jose/Research/qsmells/qsmells-study-data/experiments/scripts/../../tools/qiskit-terra/qiskit/algorithms/minimum_eigen_solvers/vqe.py', 231, 1)
(1, '/Users/jose/Research/qsmells/qsmells-study-data/experiments/scripts/../../tools/qiskit-terra/qiskit/algorithms/minimum_eigen_solvers/vqe.py', 236, 0)
(1, '/Users/jose/Research/qsmells/qsmells-study-data/experiments/scripts/../../tools/qiskit-terra/qiskit/algorithms/minimum_eigen_solvers/vqe.py', 241, 1)
(1, '/Users/jose/Research/qsmells/qsmells-study-data/experiments/scripts/../../tools/qiskit-terra/qiskit/algorithms/minimum_eigen_solvers/vqe.py', 252, 0)
(1, '/Users/jose/Research/qsmells/qsmells-study-data/experiments/scripts/../../tools/qiskit-terra/qiskit/algorithms/minimum_eigen_solvers/vqe.py', 257, 1)
(1, '/Users/jose/Research/qsmells/qsmells-study-data/experiments/scripts/../../tools/qiskit-terra/qiskit/algorithms/minimum_eigen_solvers/vqe.py', 262, 0)
(1, '/Users/jose/Research/qsmells/qsmells-study-data/experiments/scripts/../../tools/qiskit-terra/qiskit/algorithms/minimum_eigen_solvers/vqe.py', 267, 1)
(1, '/Users/jose/Research/qsmells/qsmells-study-data/experiments/scripts/../../tools/qiskit-terra/qiskit/algorithms/minimum_eigen_solvers/vqe.py', 273, 0)
(1, '/Users/jose/Research/qsmells/qsmells-study-data/experiments/scripts/../../tools/qiskit-terra/qiskit/algorithms/minimum_eigen_solvers/vqe.py', 278, 1)
(1, '/Users/jose/Research/qsmells/qsmells-study-data/experiments/scripts/../../tools/qiskit-terra/qiskit/algorithms/minimum_eigen_solvers/vqe.py', 287, 0)
(1, '/Users/jose/Research/qsmells/qsmells-study-data/experiments/scripts/../../tools/qiskit-terra/qiskit/algorithms/minimum_eigen_solvers/vqe.py', 292, 1)
(1, '/Users/jose/Research/qsmells/qsmells-study-data/experiments/scripts/../../tools/qiskit-terra/qiskit/algorithms/minimum_eigen_solvers/vqe.py', 297, 0)
(1, '/Users/jose/Research/qsmells/qsmells-study-data/experiments/scripts/../../tools/qiskit-terra/qiskit/algorithms/minimum_eigen_solvers/vqe.py', 303, 1)
(1, '/Users/jose/Research/qsmells/qsmells-study-data/experiments/scripts/../../tools/qiskit-terra/qiskit/algorithms/minimum_eigen_solvers/vqe.py', 307, 1)
(1, '/Users/jose/Research/qsmells/qsmells-study-data/experiments/scripts/../../tools/qiskit-terra/qiskit/algorithms/minimum_eigen_solvers/vqe.py', 321, 0)
(1, '/Users/jose/Research/qsmells/qsmells-study-data/experiments/scripts/../../tools/qiskit-terra/qiskit/algorithms/minimum_eigen_solvers/vqe.py', 326, 1)
(1, '/Users/jose/Research/qsmells/qsmells-study-data/experiments/scripts/../../tools/qiskit-terra/qiskit/algorithms/minimum_eigen_solvers/vqe.py', 342, 0)
(1, '/Users/jose/Research/qsmells/qsmells-study-data/experiments/scripts/../../tools/qiskit-terra/qiskit/algorithms/minimum_eigen_solvers/vqe.py', 356, 0)
(1, '/Users/jose/Research/qsmells/qsmells-study-data/experiments/scripts/../../tools/qiskit-terra/qiskit/algorithms/minimum_eigen_solvers/vqe.py', 381, 3)
(1, '/Users/jose/Research/qsmells/qsmells-study-data/experiments/scripts/../../tools/qiskit-terra/qiskit/algorithms/minimum_eigen_solvers/vqe.py', 433, 2)
(1, '/Users/jose/Research/qsmells/qsmells-study-data/experiments/scripts/../../tools/qiskit-terra/qiskit/algorithms/minimum_eigen_solvers/vqe.py', 452, 1)
(1, '/Users/jose/Research/qsmells/qsmells-study-data/experiments/scripts/../../tools/qiskit-terra/qiskit/algorithms/minimum_eigen_solvers/vqe.py', 463, 1)
(1, '/Users/jose/Research/qsmells/qsmells-study-data/experiments/scripts/../../tools/qiskit-terra/qiskit/algorithms/minimum_eigen_solvers/vqe.py', 467, 2)
(1, '/Users/jose/Research/qsmells/qsmells-study-data/experiments/scripts/../../tools/qiskit-terra/qiskit/algorithms/minimum_eigen_solvers/vqe.py', 565, 2)
(1, '/Users/jose/Research/qsmells/qsmells-study-data/experiments/scripts/../../tools/qiskit-terra/qiskit/algorithms/minimum_eigen_solvers/vqe.py', 598, 1)
(1, '/Users/jose/Research/qsmells/qsmells-study-data/experiments/scripts/../../tools/qiskit-terra/qiskit/algorithms/minimum_eigen_solvers/vqe.py', 631, 1)
(1, '/Users/jose/Research/qsmells/qsmells-study-data/experiments/scripts/../../tools/qiskit-terra/qiskit/algorithms/minimum_eigen_solvers/vqe.py', 646, 0)
(1, '/Users/jose/Research/qsmells/qsmells-study-data/experiments/scripts/../../tools/qiskit-terra/qiskit/algorithms/minimum_eigen_solvers/vqe.py', 650, 0)
(1, '/Users/jose/Research/qsmells/qsmells-study-data/experiments/scripts/../../tools/qiskit-terra/qiskit/algorithms/minimum_eigen_solvers/vqe.py', 655, 1)
(1, '/Users/jose/Research/qsmells/qsmells-study-data/experiments/scripts/../../tools/qiskit-terra/qiskit/algorithms/minimum_eigen_solvers/vqe.py', 660, 0)
(1, '/Users/jose/Research/qsmells/qsmells-study-data/experiments/scripts/../../tools/qiskit-terra/qiskit/algorithms/minimum_eigen_solvers/vqe.py', 665, 1)
(1, '/Users/jose/Research/qsmells/qsmells-study-data/experiments/scripts/../../tools/qiskit-terra/qiskit/algorithms/minimum_eigen_solvers/vqe.py', 671, 2)
(1, '/Users/jose/Research/qsmells/qsmells-study-data/experiments/scripts/../../tools/qiskit-terra/qiskit/algorithms/minimum_eigen_solvers/vqe.py', 704, 1)
  metric  value
0    PAR      9
DONE!
