Python 3.7.8
[DEBUG] Running PySmell on /Users/jose/Research/qsmells/qsmells-study-data/experiments/scripts/../../tools/qiskit-nature/qiskit_nature/algorithms/ground_state_solvers/adapt_vqe.py
(6, '/Users/jose/Research/qsmells/qsmells-study-data/experiments/scripts/../../tools/qiskit-nature/qiskit_nature/algorithms/ground_state_solvers/adapt_vqe.py', 73, 1)
(6, '/Users/jose/Research/qsmells/qsmells-study-data/experiments/scripts/../../tools/qiskit-nature/qiskit_nature/algorithms/ground_state_solvers/adapt_vqe.py', 74, 1)
(6, '/Users/jose/Research/qsmells/qsmells-study-data/experiments/scripts/../../tools/qiskit-nature/qiskit_nature/algorithms/ground_state_solvers/adapt_vqe.py', 100, 1)
(6, '/Users/jose/Research/qsmells/qsmells-study-data/experiments/scripts/../../tools/qiskit-nature/qiskit_nature/algorithms/ground_state_solvers/adapt_vqe.py', 101, 1)
(6, '/Users/jose/Research/qsmells/qsmells-study-data/experiments/scripts/../../tools/qiskit-nature/qiskit_nature/algorithms/ground_state_solvers/adapt_vqe.py', 113, 1)
(6, '/Users/jose/Research/qsmells/qsmells-study-data/experiments/scripts/../../tools/qiskit-nature/qiskit_nature/algorithms/ground_state_solvers/adapt_vqe.py', 125, 1)
(6, '/Users/jose/Research/qsmells/qsmells-study-data/experiments/scripts/../../tools/qiskit-nature/qiskit_nature/algorithms/ground_state_solvers/adapt_vqe.py', 155, 1)
(6, '/Users/jose/Research/qsmells/qsmells-study-data/experiments/scripts/../../tools/qiskit-nature/qiskit_nature/algorithms/ground_state_solvers/adapt_vqe.py', 158, 1)
(6, '/Users/jose/Research/qsmells/qsmells-study-data/experiments/scripts/../../tools/qiskit-nature/qiskit_nature/algorithms/ground_state_solvers/adapt_vqe.py', 127, 1)
(6, '/Users/jose/Research/qsmells/qsmells-study-data/experiments/scripts/../../tools/qiskit-nature/qiskit_nature/algorithms/ground_state_solvers/adapt_vqe.py', 127, 1)
(6, '/Users/jose/Research/qsmells/qsmells-study-data/experiments/scripts/../../tools/qiskit-nature/qiskit_nature/algorithms/ground_state_solvers/adapt_vqe.py', 162, 1)
(6, '/Users/jose/Research/qsmells/qsmells-study-data/experiments/scripts/../../tools/qiskit-nature/qiskit_nature/algorithms/ground_state_solvers/adapt_vqe.py', 185, 1)
(6, '/Users/jose/Research/qsmells/qsmells-study-data/experiments/scripts/../../tools/qiskit-nature/qiskit_nature/algorithms/ground_state_solvers/adapt_vqe.py', 185, 1)
(6, '/Users/jose/Research/qsmells/qsmells-study-data/experiments/scripts/../../tools/qiskit-nature/qiskit_nature/algorithms/ground_state_solvers/adapt_vqe.py', 190, 1)
(6, '/Users/jose/Research/qsmells/qsmells-study-data/experiments/scripts/../../tools/qiskit-nature/qiskit_nature/algorithms/ground_state_solvers/adapt_vqe.py', 190, 1)
(6, '/Users/jose/Research/qsmells/qsmells-study-data/experiments/scripts/../../tools/qiskit-nature/qiskit_nature/algorithms/ground_state_solvers/adapt_vqe.py', 190, 1)
(6, '/Users/jose/Research/qsmells/qsmells-study-data/experiments/scripts/../../tools/qiskit-nature/qiskit_nature/algorithms/ground_state_solvers/adapt_vqe.py', 216, 1)
(6, '/Users/jose/Research/qsmells/qsmells-study-data/experiments/scripts/../../tools/qiskit-nature/qiskit_nature/algorithms/ground_state_solvers/adapt_vqe.py', 218, 1)
(6, '/Users/jose/Research/qsmells/qsmells-study-data/experiments/scripts/../../tools/qiskit-nature/qiskit_nature/algorithms/ground_state_solvers/adapt_vqe.py', 219, 1)
(6, '/Users/jose/Research/qsmells/qsmells-study-data/experiments/scripts/../../tools/qiskit-nature/qiskit_nature/algorithms/ground_state_solvers/adapt_vqe.py', 238, 1)
(6, '/Users/jose/Research/qsmells/qsmells-study-data/experiments/scripts/../../tools/qiskit-nature/qiskit_nature/algorithms/ground_state_solvers/adapt_vqe.py', 238, 1)
(6, '/Users/jose/Research/qsmells/qsmells-study-data/experiments/scripts/../../tools/qiskit-nature/qiskit_nature/algorithms/ground_state_solvers/adapt_vqe.py', 255, 1)
(6, '/Users/jose/Research/qsmells/qsmells-study-data/experiments/scripts/../../tools/qiskit-nature/qiskit_nature/algorithms/ground_state_solvers/adapt_vqe.py', 278, 1)
(6, '/Users/jose/Research/qsmells/qsmells-study-data/experiments/scripts/../../tools/qiskit-nature/qiskit_nature/algorithms/ground_state_solvers/adapt_vqe.py', 279, 1)
(6, '/Users/jose/Research/qsmells/qsmells-study-data/experiments/scripts/../../tools/qiskit-nature/qiskit_nature/algorithms/ground_state_solvers/adapt_vqe.py', 280, 1)
(6, '/Users/jose/Research/qsmells/qsmells-study-data/experiments/scripts/../../tools/qiskit-nature/qiskit_nature/algorithms/ground_state_solvers/adapt_vqe.py', 280, 1)
(6, '/Users/jose/Research/qsmells/qsmells-study-data/experiments/scripts/../../tools/qiskit-nature/qiskit_nature/algorithms/ground_state_solvers/adapt_vqe.py', 290, 2)
(6, '/Users/jose/Research/qsmells/qsmells-study-data/experiments/scripts/../../tools/qiskit-nature/qiskit_nature/algorithms/ground_state_solvers/adapt_vqe.py', 299, 1)
(6, '/Users/jose/Research/qsmells/qsmells-study-data/experiments/scripts/../../tools/qiskit-nature/qiskit_nature/algorithms/ground_state_solvers/adapt_vqe.py', 299, 1)
(6, '/Users/jose/Research/qsmells/qsmells-study-data/experiments/scripts/../../tools/qiskit-nature/qiskit_nature/algorithms/ground_state_solvers/adapt_vqe.py', 300, 1)
(6, '/Users/jose/Research/qsmells/qsmells-study-data/experiments/scripts/../../tools/qiskit-nature/qiskit_nature/algorithms/ground_state_solvers/adapt_vqe.py', 300, 1)
(6, '/Users/jose/Research/qsmells/qsmells-study-data/experiments/scripts/../../tools/qiskit-nature/qiskit_nature/algorithms/ground_state_solvers/adapt_vqe.py', 303, 1)
(6, '/Users/jose/Research/qsmells/qsmells-study-data/experiments/scripts/../../tools/qiskit-nature/qiskit_nature/algorithms/ground_state_solvers/adapt_vqe.py', 311, 1)
(6, '/Users/jose/Research/qsmells/qsmells-study-data/experiments/scripts/../../tools/qiskit-nature/qiskit_nature/algorithms/ground_state_solvers/adapt_vqe.py', 318, 1)
(6, '/Users/jose/Research/qsmells/qsmells-study-data/experiments/scripts/../../tools/qiskit-nature/qiskit_nature/algorithms/ground_state_solvers/adapt_vqe.py', 322, 1)
(6, '/Users/jose/Research/qsmells/qsmells-study-data/experiments/scripts/../../tools/qiskit-nature/qiskit_nature/algorithms/ground_state_solvers/adapt_vqe.py', 334, 1)
(6, '/Users/jose/Research/qsmells/qsmells-study-data/experiments/scripts/../../tools/qiskit-nature/qiskit_nature/algorithms/ground_state_solvers/adapt_vqe.py', 357, 1)
(6, '/Users/jose/Research/qsmells/qsmells-study-data/experiments/scripts/../../tools/qiskit-nature/qiskit_nature/algorithms/ground_state_solvers/adapt_vqe.py', 360, 1)
  metric  value
0    LEC      2
DONE!
