Python 3.7.8
[DEBUG] Running PySmell on /Users/jose/Research/qsmells/qsmells-study-data/experiments/scripts/../../tools/qiskit-machine-learning/qiskit_machine_learning/algorithms/distribution_learners/qgan/qgan.py
(13, '/Users/jose/Research/qsmells/qsmells-study-data/experiments/scripts/../../tools/qiskit-machine-learning/qiskit_machine_learning/algorithms/distribution_learners/qgan/qgan.py', 221, 2)
(13, '/Users/jose/Research/qsmells/qsmells-study-data/experiments/scripts/../../tools/qiskit-machine-learning/qiskit_machine_learning/algorithms/distribution_learners/qgan/qgan.py', 226, 2)
(13, '/Users/jose/Research/qsmells/qsmells-study-data/experiments/scripts/../../tools/qiskit-machine-learning/qiskit_machine_learning/algorithms/distribution_learners/qgan/qgan.py', 249, 2)
(13, '/Users/jose/Research/qsmells/qsmells-study-data/experiments/scripts/../../tools/qiskit-machine-learning/qiskit_machine_learning/algorithms/distribution_learners/qgan/qgan.py', 327, 2)
(13, '/Users/jose/Research/qsmells/qsmells-study-data/experiments/scripts/../../tools/qiskit-machine-learning/qiskit_machine_learning/algorithms/distribution_learners/qgan/qgan.py', 346, 2)
(13, '/Users/jose/Research/qsmells/qsmells-study-data/experiments/scripts/../../tools/qiskit-machine-learning/qiskit_machine_learning/algorithms/distribution_learners/qgan/qgan.py', 358, 2)
(13, '/Users/jose/Research/qsmells/qsmells-study-data/experiments/scripts/../../tools/qiskit-machine-learning/qiskit_machine_learning/algorithms/distribution_learners/qgan/qgan.py', 373, 2)
(13, '/Users/jose/Research/qsmells/qsmells-study-data/experiments/scripts/../../tools/qiskit-machine-learning/qiskit_machine_learning/algorithms/distribution_learners/qgan/qgan.py', 377, 2)
(13, '/Users/jose/Research/qsmells/qsmells-study-data/experiments/scripts/../../tools/qiskit-machine-learning/qiskit_machine_learning/algorithms/distribution_learners/qgan/qgan.py', 389, 2)
(13, '/Users/jose/Research/qsmells/qsmells-study-data/experiments/scripts/../../tools/qiskit-machine-learning/qiskit_machine_learning/algorithms/distribution_learners/qgan/qgan.py', 408, 2)
(13, '/Users/jose/Research/qsmells/qsmells-study-data/experiments/scripts/../../tools/qiskit-machine-learning/qiskit_machine_learning/algorithms/distribution_learners/qgan/qgan.py', 413, 2)
(13, '/Users/jose/Research/qsmells/qsmells-study-data/experiments/scripts/../../tools/qiskit-machine-learning/qiskit_machine_learning/algorithms/distribution_learners/qgan/qgan.py', 418, 2)
(13, '/Users/jose/Research/qsmells/qsmells-study-data/experiments/scripts/../../tools/qiskit-machine-learning/qiskit_machine_learning/algorithms/distribution_learners/qgan/qgan.py', 425, 2)
(13, '/Users/jose/Research/qsmells/qsmells-study-data/experiments/scripts/../../tools/qiskit-machine-learning/qiskit_machine_learning/algorithms/distribution_learners/qgan/qgan.py', 426, 2)
(13, '/Users/jose/Research/qsmells/qsmells-study-data/experiments/scripts/../../tools/qiskit-machine-learning/qiskit_machine_learning/algorithms/distribution_learners/qgan/qgan.py', 429, 2)
(13, '/Users/jose/Research/qsmells/qsmells-study-data/experiments/scripts/../../tools/qiskit-machine-learning/qiskit_machine_learning/algorithms/distribution_learners/qgan/qgan.py', 430, 2)
(13, '/Users/jose/Research/qsmells/qsmells-study-data/experiments/scripts/../../tools/qiskit-machine-learning/qiskit_machine_learning/algorithms/distribution_learners/qgan/qgan.py', 433, 2)
(13, '/Users/jose/Research/qsmells/qsmells-study-data/experiments/scripts/../../tools/qiskit-machine-learning/qiskit_machine_learning/algorithms/distribution_learners/qgan/qgan.py', 465, 2)
  metric  value
0    LMC      2
DONE!
