Python 3.7.8
[DEBUG] Running PySmell on /Users/jose/Research/qsmells/qsmells-study-data/experiments/scripts/../../tools/qiskit-terra/qiskit/algorithms/factorizers/shor.py
(1, '/Users/jose/Research/qsmells/qsmells-study-data/experiments/scripts/../../tools/qiskit-terra/qiskit/algorithms/factorizers/shor.py', 53, 1)
(1, '/Users/jose/Research/qsmells/qsmells-study-data/experiments/scripts/../../tools/qiskit-terra/qiskit/algorithms/factorizers/shor.py', 63, 0)
(1, '/Users/jose/Research/qsmells/qsmells-study-data/experiments/scripts/../../tools/qiskit-terra/qiskit/algorithms/factorizers/shor.py', 68, 1)
(1, '/Users/jose/Research/qsmells/qsmells-study-data/experiments/scripts/../../tools/qiskit-terra/qiskit/algorithms/factorizers/shor.py', 75, 2)
(1, '/Users/jose/Research/qsmells/qsmells-study-data/experiments/scripts/../../tools/qiskit-terra/qiskit/algorithms/factorizers/shor.py', 89, 1)
(1, '/Users/jose/Research/qsmells/qsmells-study-data/experiments/scripts/../../tools/qiskit-terra/qiskit/algorithms/factorizers/shor.py', 97, 5)
(1, '/Users/jose/Research/qsmells/qsmells-study-data/experiments/scripts/../../tools/qiskit-terra/qiskit/algorithms/factorizers/shor.py', 137, 7)
(1, '/Users/jose/Research/qsmells/qsmells-study-data/experiments/scripts/../../tools/qiskit-terra/qiskit/algorithms/factorizers/shor.py', 153, 3)
(1, '/Users/jose/Research/qsmells/qsmells-study-data/experiments/scripts/../../tools/qiskit-terra/qiskit/algorithms/factorizers/shor.py', 183, 3)
(1, '/Users/jose/Research/qsmells/qsmells-study-data/experiments/scripts/../../tools/qiskit-terra/qiskit/algorithms/factorizers/shor.py', 210, 2)
(1, '/Users/jose/Research/qsmells/qsmells-study-data/experiments/scripts/../../tools/qiskit-terra/qiskit/algorithms/factorizers/shor.py', 231, 3)
(1, '/Users/jose/Research/qsmells/qsmells-study-data/experiments/scripts/../../tools/qiskit-terra/qiskit/algorithms/factorizers/shor.py', 281, 2)
(1, '/Users/jose/Research/qsmells/qsmells-study-data/experiments/scripts/../../tools/qiskit-terra/qiskit/algorithms/factorizers/shor.py', 285, 2)
(1, '/Users/jose/Research/qsmells/qsmells-study-data/experiments/scripts/../../tools/qiskit-terra/qiskit/algorithms/factorizers/shor.py', 300, 3)
(1, '/Users/jose/Research/qsmells/qsmells-study-data/experiments/scripts/../../tools/qiskit-terra/qiskit/algorithms/factorizers/shor.py', 381, 1)
(1, '/Users/jose/Research/qsmells/qsmells-study-data/experiments/scripts/../../tools/qiskit-terra/qiskit/algorithms/factorizers/shor.py', 399, 2)
(1, '/Users/jose/Research/qsmells/qsmells-study-data/experiments/scripts/../../tools/qiskit-terra/qiskit/algorithms/factorizers/shor.py', 485, 0)
(1, '/Users/jose/Research/qsmells/qsmells-study-data/experiments/scripts/../../tools/qiskit-terra/qiskit/algorithms/factorizers/shor.py', 491, 0)
(1, '/Users/jose/Research/qsmells/qsmells-study-data/experiments/scripts/../../tools/qiskit-terra/qiskit/algorithms/factorizers/shor.py', 496, 1)
(1, '/Users/jose/Research/qsmells/qsmells-study-data/experiments/scripts/../../tools/qiskit-terra/qiskit/algorithms/factorizers/shor.py', 501, 0)
(1, '/Users/jose/Research/qsmells/qsmells-study-data/experiments/scripts/../../tools/qiskit-terra/qiskit/algorithms/factorizers/shor.py', 506, 1)
(1, '/Users/jose/Research/qsmells/qsmells-study-data/experiments/scripts/../../tools/qiskit-terra/qiskit/algorithms/factorizers/shor.py', 511, 0)
(1, '/Users/jose/Research/qsmells/qsmells-study-data/experiments/scripts/../../tools/qiskit-terra/qiskit/algorithms/factorizers/shor.py', 516, 1)
  metric  value
0    PAR      7
DONE!
