Python 3.7.8
i 0 :: slice_size 8
  slice ['u3(ParameterExpression,ParameterExpression,ParameterExpression)', '', 'u2(int,float)', '', 'x()', '', 'u2(int,float)', '', 'u3(ParameterExpression,ParameterExpression,ParameterExpression)', '', 'x()', '', 'u1(float)', '', 'x()', ''] == next_slice ['u3(ParameterExpression,ParameterExpression,ParameterExpression)', '', 'u2(int,float)', '', 'x()', '', 'u2(int,float)', '', 'u3(ParameterExpression,ParameterExpression,ParameterExpression)', '', 'x()', '', 'u1(float)', '', 'x()', '']
i 8 :: slice_size 8
  slice ['u3(ParameterExpression,ParameterExpression,ParameterExpression)', '', 'u2(int,float)', '', 'x()', '', 'u2(int,float)', '', 'u3(ParameterExpression,ParameterExpression,ParameterExpression)', '', 'x()', '', 'u1(float)', '', 'x()', ''] == next_slice ['u3(ParameterExpression,ParameterExpression,ParameterExpression)', '', 'u2(int,float)', '', 'x()', '', 'u2(int,float)', '', 'u3(ParameterExpression,ParameterExpression,ParameterExpression)', '', 'x()', '', 'u1(float)', '', 'x()', '']
i 16 :: slice_size 8
  slice ['u3(ParameterExpression,ParameterExpression,ParameterExpression)', '', 'u2(int,float)', '', 'x()', '', 'u2(int,float)', '', 'u3(ParameterExpression,ParameterExpression,ParameterExpression)', '', 'x()', '', 'u1(float)', '', 'x()', ''] == next_slice ['u3(ParameterExpression,ParameterExpression,ParameterExpression)', '', 'u2(int,float)', '', 'x()', '', 'u2(int,float)', '', 'u3(ParameterExpression,ParameterExpression,ParameterExpression)', '', 'x()', '', 'u1(float)', '', 'x()', '']
i 24 :: slice_size 8
  slice ['u3(ParameterExpression,ParameterExpression,ParameterExpression)', '', 'u2(int,float)', '', 'x()', '', 'u2(int,float)', '', 'u3(ParameterExpression,ParameterExpression,ParameterExpression)', '', 'x()', '', 'u1(float)', '', 'x()', ''] == next_slice ['u3(ParameterExpression,ParameterExpression,ParameterExpression)', '', 'u2(int,float)', '', 'x()', '', 'u2(int,float)', '', 'u3(ParameterExpression,ParameterExpression,ParameterExpression)', '', 'x()', '', 'u1(float)', '', 'x()', '']
i 32 :: slice_size 8
  slice ['u3(ParameterExpression,ParameterExpression,ParameterExpression)', '', 'u2(int,float)', '', 'x()', '', 'u2(int,float)', '', 'u3(ParameterExpression,ParameterExpression,ParameterExpression)', '', 'x()', '', 'u1(float)', '', 'x()', ''] == next_slice ['u3(ParameterExpression,ParameterExpression,ParameterExpression)', '', 'u2(int,float)', '', 'x()', '', 'u2(int,float)', '', 'u3(ParameterExpression,ParameterExpression,ParameterExpression)', '', 'x()', '', 'u1(float)', '', 'x()', '']
i 40 :: slice_size 8
  slice ['u3(ParameterExpression,ParameterExpression,ParameterExpression)', '', 'u2(int,float)', '', 'x()', '', 'u2(int,float)', '', 'u3(ParameterExpression,ParameterExpression,ParameterExpression)', '', 'x()', '', 'u1(float)', '', 'x()', ''] == next_slice ['u3(ParameterExpression,ParameterExpression,ParameterExpression)', '', 'u2(int,float)', '', 'x()', '', 'u2(int,float)', '', 'u3(ParameterExpression,ParameterExpression,ParameterExpression)', '', 'x()', '', 'u1(float)', '', 'x()', '']
i 48 :: slice_size 8
  slice ['u3(ParameterExpression,ParameterExpression,ParameterExpression)', '', 'u2(int,float)', '', 'x()', '', 'u2(int,float)', '', 'u3(ParameterExpression,ParameterExpression,ParameterExpression)', '', 'x()', '', 'u1(float)', '', 'x()', ''] == next_slice ['u3(ParameterExpression,ParameterExpression,ParameterExpression)', '', 'u2(int,float)', '', 'x()', '', 'u2(int,float)', '', 'u3(ParameterExpression,ParameterExpression,ParameterExpression)', '', 'x()', '', 'u1(float)', '', 'x()', '']
i 56 :: slice_size 8
  slice ['u3(ParameterExpression,ParameterExpression,ParameterExpression)', '', 'u2(int,float)', '', 'x()', '', 'u2(int,float)', '', 'u3(ParameterExpression,ParameterExpression,ParameterExpression)', '', 'x()', '', 'u1(float)', '', 'x()', ''] == next_slice ['u3(ParameterExpression,ParameterExpression,ParameterExpression)', '', 'u2(int,float)', '', 'x()', '', 'u2(int,float)', '', 'u3(ParameterExpression,ParameterExpression,ParameterExpression)', '', 'x()', '', 'u1(float)', '', 'x()', '']
i 64 :: slice_size 8
  slice ['u3(ParameterExpression,ParameterExpression,ParameterExpression)', '', 'u2(int,float)', '', 'x()', '', 'u2(int,float)', '', 'u3(ParameterExpression,ParameterExpression,ParameterExpression)', '', 'x()', '', 'u1(float)', '', 'x()', ''] == next_slice ['u3(ParameterExpression,ParameterExpression,ParameterExpression)', '', 'u2(int,float)', '', 'x()', '', 'u2(int,float)', '', 'u3(ParameterExpression,ParameterExpression,ParameterExpression)', '', 'x()', '', 'u1(float)', '', 'x()', '']
i 72 :: slice_size 8
  slice ['u3(ParameterExpression,ParameterExpression,ParameterExpression)', '', 'u2(int,float)', '', 'x()', '', 'u2(int,float)', '', 'u3(ParameterExpression,ParameterExpression,ParameterExpression)', '', 'x()', '', 'u1(float)', '', 'x()', ''] == next_slice ['u3(ParameterExpression,ParameterExpression,ParameterExpression)', '', 'u2(int,float)', '', 'x()', '', 'u2(int,float)', '', 'u3(ParameterExpression,ParameterExpression,ParameterExpression)', '', 'x()', '', 'u1(float)', '', 'x()', '']
i 80 :: slice_size 8
  slice ['u3(ParameterExpression,ParameterExpression,ParameterExpression)', '', 'u2(int,float)', '', 'x()', '', 'u2(int,float)', '', 'u3(ParameterExpression,ParameterExpression,ParameterExpression)', '', 'x()', '', 'u1(float)', '', 'x()', ''] == next_slice ['u3(ParameterExpression,ParameterExpression,ParameterExpression)', '', 'u2(int,float)', '', 'x()', '', 'u2(int,float)', '', 'u3(ParameterExpression,ParameterExpression,ParameterExpression)', '', 'x()', '', 'u1(float)', '', 'x()', '']
i 88 :: slice_size 8
  slice ['u3(ParameterExpression,ParameterExpression,ParameterExpression)', '', 'u2(int,float)', '', 'x()', '', 'u2(int,float)', '', 'u3(ParameterExpression,ParameterExpression,ParameterExpression)', '', 'x()', '', 'u1(float)', '', 'x()', ''] == next_slice ['u3(ParameterExpression,ParameterExpression,ParameterExpression)', '', 'u2(int,float)', '', 'x()', '', 'u2(int,float)', '', 'u3(ParameterExpression,ParameterExpression,ParameterExpression)', '', 'x()', '', 'u1(float)', '', 'x()', '']
i 96 :: slice_size 8
  slice ['u3(ParameterExpression,ParameterExpression,ParameterExpression)', '', 'u2(int,float)', '', 'x()', '', 'u2(int,float)', '', 'u3(ParameterExpression,ParameterExpression,ParameterExpression)', '', 'x()', '', 'u1(float)', '', 'x()', ''] == next_slice ['u3(ParameterExpression,ParameterExpression,ParameterExpression)', '', 'u2(int,float)', '', 'x()', '', 'u2(int,float)', '', 'u3(ParameterExpression,ParameterExpression,ParameterExpression)', '', 'x()', '', 'u1(float)', '', 'x()', '']
i 104 :: slice_size 8
  slice ['u3(ParameterExpression,ParameterExpression,ParameterExpression)', '', 'u2(int,float)', '', 'x()', '', 'u2(int,float)', '', 'u3(ParameterExpression,ParameterExpression,ParameterExpression)', '', 'x()', '', 'u1(float)', '', 'x()', ''] == next_slice ['u3(ParameterExpression,ParameterExpression,ParameterExpression)', '', 'u2(int,float)', '', 'x()', '', 'u2(int,float)', '', 'u3(ParameterExpression,ParameterExpression,ParameterExpression)', '', 'x()', '', 'u1(float)', '', 'x()', '']
i 112 :: slice_size 8
  slice ['u3(ParameterExpression,ParameterExpression,ParameterExpression)', '', 'u2(int,float)', '', 'x()', '', 'u2(int,float)', '', 'u3(ParameterExpression,ParameterExpression,ParameterExpression)', '', 'x()', '', 'u1(float)', '', 'x()', ''] == next_slice ['u3(ParameterExpression,ParameterExpression,ParameterExpression)', '', 'u2(int,float)', '', 'x()', '', 'u2(int,float)', '', 'u3(ParameterExpression,ParameterExpression,ParameterExpression)', '', 'x()', '', 'u1(float)', '', 'x()', '']
  metric  value
0    ROC     15
DONE!
