Python 3.7.8
[DEBUG] Running PySmell on /Users/jose/Research/qsmells/qsmells-study-data/experiments/scripts/../../tools/qiskit-nature/qiskit_nature/algorithms/excited_states_solvers/qeom.py
(1, '/Users/jose/Research/qsmells/qsmells-study-data/experiments/scripts/../../tools/qiskit-nature/qiskit_nature/algorithms/excited_states_solvers/qeom.py', 46, 2)
(1, '/Users/jose/Research/qsmells/qsmells-study-data/experiments/scripts/../../tools/qiskit-nature/qiskit_nature/algorithms/excited_states_solvers/qeom.py', 64, 0)
(1, '/Users/jose/Research/qsmells/qsmells-study-data/experiments/scripts/../../tools/qiskit-nature/qiskit_nature/algorithms/excited_states_solvers/qeom.py', 69, 1)
(1, '/Users/jose/Research/qsmells/qsmells-study-data/experiments/scripts/../../tools/qiskit-nature/qiskit_nature/algorithms/excited_states_solvers/qeom.py', 80, 0)
(1, '/Users/jose/Research/qsmells/qsmells-study-data/experiments/scripts/../../tools/qiskit-nature/qiskit_nature/algorithms/excited_states_solvers/qeom.py', 84, 2)
(1, '/Users/jose/Research/qsmells/qsmells-study-data/experiments/scripts/../../tools/qiskit-nature/qiskit_nature/algorithms/excited_states_solvers/qeom.py', 91, 2)
(1, '/Users/jose/Research/qsmells/qsmells-study-data/experiments/scripts/../../tools/qiskit-nature/qiskit_nature/algorithms/excited_states_solvers/qeom.py', 179, 1)
(1, '/Users/jose/Research/qsmells/qsmells-study-data/experiments/scripts/../../tools/qiskit-nature/qiskit_nature/algorithms/excited_states_solvers/qeom.py', 197, 3)
(1, '/Users/jose/Research/qsmells/qsmells-study-data/experiments/scripts/../../tools/qiskit-nature/qiskit_nature/algorithms/excited_states_solvers/qeom.py', 219, 3)
(1, '/Users/jose/Research/qsmells/qsmells-study-data/experiments/scripts/../../tools/qiskit-nature/qiskit_nature/algorithms/excited_states_solvers/qeom.py', 281, 3)
(1, '/Users/jose/Research/qsmells/qsmells-study-data/experiments/scripts/../../tools/qiskit-nature/qiskit_nature/algorithms/excited_states_solvers/qeom.py', 344, 2)
(1, '/Users/jose/Research/qsmells/qsmells-study-data/experiments/scripts/../../tools/qiskit-nature/qiskit_nature/algorithms/excited_states_solvers/qeom.py', 434, 4)
(1, '/Users/jose/Research/qsmells/qsmells-study-data/experiments/scripts/../../tools/qiskit-nature/qiskit_nature/algorithms/excited_states_solvers/qeom.py', 477, 0)
(1, '/Users/jose/Research/qsmells/qsmells-study-data/experiments/scripts/../../tools/qiskit-nature/qiskit_nature/algorithms/excited_states_solvers/qeom.py', 490, 0)
(1, '/Users/jose/Research/qsmells/qsmells-study-data/experiments/scripts/../../tools/qiskit-nature/qiskit_nature/algorithms/excited_states_solvers/qeom.py', 495, 1)
(1, '/Users/jose/Research/qsmells/qsmells-study-data/experiments/scripts/../../tools/qiskit-nature/qiskit_nature/algorithms/excited_states_solvers/qeom.py', 500, 0)
(1, '/Users/jose/Research/qsmells/qsmells-study-data/experiments/scripts/../../tools/qiskit-nature/qiskit_nature/algorithms/excited_states_solvers/qeom.py', 505, 1)
(1, '/Users/jose/Research/qsmells/qsmells-study-data/experiments/scripts/../../tools/qiskit-nature/qiskit_nature/algorithms/excited_states_solvers/qeom.py', 510, 0)
(1, '/Users/jose/Research/qsmells/qsmells-study-data/experiments/scripts/../../tools/qiskit-nature/qiskit_nature/algorithms/excited_states_solvers/qeom.py', 515, 1)
(1, '/Users/jose/Research/qsmells/qsmells-study-data/experiments/scripts/../../tools/qiskit-nature/qiskit_nature/algorithms/excited_states_solvers/qeom.py', 520, 0)
(1, '/Users/jose/Research/qsmells/qsmells-study-data/experiments/scripts/../../tools/qiskit-nature/qiskit_nature/algorithms/excited_states_solvers/qeom.py', 525, 1)
(1, '/Users/jose/Research/qsmells/qsmells-study-data/experiments/scripts/../../tools/qiskit-nature/qiskit_nature/algorithms/excited_states_solvers/qeom.py', 530, 0)
(1, '/Users/jose/Research/qsmells/qsmells-study-data/experiments/scripts/../../tools/qiskit-nature/qiskit_nature/algorithms/excited_states_solvers/qeom.py', 535, 1)
(1, '/Users/jose/Research/qsmells/qsmells-study-data/experiments/scripts/../../tools/qiskit-nature/qiskit_nature/algorithms/excited_states_solvers/qeom.py', 540, 0)
(1, '/Users/jose/Research/qsmells/qsmells-study-data/experiments/scripts/../../tools/qiskit-nature/qiskit_nature/algorithms/excited_states_solvers/qeom.py', 545, 1)
(1, '/Users/jose/Research/qsmells/qsmells-study-data/experiments/scripts/../../tools/qiskit-nature/qiskit_nature/algorithms/excited_states_solvers/qeom.py', 550, 0)
(1, '/Users/jose/Research/qsmells/qsmells-study-data/experiments/scripts/../../tools/qiskit-nature/qiskit_nature/algorithms/excited_states_solvers/qeom.py', 555, 1)
(1, '/Users/jose/Research/qsmells/qsmells-study-data/experiments/scripts/../../tools/qiskit-nature/qiskit_nature/algorithms/excited_states_solvers/qeom.py', 560, 0)
(1, '/Users/jose/Research/qsmells/qsmells-study-data/experiments/scripts/../../tools/qiskit-nature/qiskit_nature/algorithms/excited_states_solvers/qeom.py', 565, 1)
(1, '/Users/jose/Research/qsmells/qsmells-study-data/experiments/scripts/../../tools/qiskit-nature/qiskit_nature/algorithms/excited_states_solvers/qeom.py', 570, 0)
(1, '/Users/jose/Research/qsmells/qsmells-study-data/experiments/scripts/../../tools/qiskit-nature/qiskit_nature/algorithms/excited_states_solvers/qeom.py', 575, 1)
(1, '/Users/jose/Research/qsmells/qsmells-study-data/experiments/scripts/../../tools/qiskit-nature/qiskit_nature/algorithms/excited_states_solvers/qeom.py', 580, 0)
(1, '/Users/jose/Research/qsmells/qsmells-study-data/experiments/scripts/../../tools/qiskit-nature/qiskit_nature/algorithms/excited_states_solvers/qeom.py', 585, 1)
(1, '/Users/jose/Research/qsmells/qsmells-study-data/experiments/scripts/../../tools/qiskit-nature/qiskit_nature/algorithms/excited_states_solvers/qeom.py', 590, 0)
(1, '/Users/jose/Research/qsmells/qsmells-study-data/experiments/scripts/../../tools/qiskit-nature/qiskit_nature/algorithms/excited_states_solvers/qeom.py', 595, 1)
  metric  value
0    PAR      4
DONE!
